{"/home/travis/build/npmtest/node-npmtest-vows/test.js":{"path":"/home/travis/build/npmtest/node-npmtest-vows/test.js","s":{"1":2,"2":2,"3":2,"4":2,"5":2,"6":2,"7":2,"8":1,"9":2,"10":2,"11":1,"12":1,"13":1,"14":1,"15":2,"16":2,"17":2,"18":2,"19":1,"20":1,"21":2,"22":2,"23":2,"24":1,"25":1,"26":1,"27":1,"28":1,"29":1,"30":1,"31":1,"32":1,"33":1,"34":1,"35":1,"36":1,"37":1,"38":1,"39":2,"40":2,"41":1,"42":2,"43":2,"44":1,"45":2,"46":2,"47":1,"48":2,"49":2,"50":1,"51":1,"52":1,"53":1,"54":1},"b":{"1":[2,1,1,1],"2":[1,1,1,1],"3":[1,1],"4":[1,1],"5":[1,1],"6":[1,1],"7":[1,1],"8":[1,1],"9":[1,1],"10":[1,1,1],"11":[1,1],"12":[1,1],"13":[1,1],"14":[1,1],"15":[1,1],"16":[1,1],"17":[1,1]},"f":{"1":2,"2":2,"3":2,"4":2,"5":2,"6":1,"7":1,"8":1,"9":2,"10":2,"11":2,"12":2,"13":1},"fnMap":{"1":{"name":"(anonymous_1)","line":12,"loc":{"start":{"line":12,"column":1},"end":{"line":12,"column":13}}},"2":{"name":"(anonymous_2)","line":19,"loc":{"start":{"line":19,"column":5},"end":{"line":19,"column":17}}},"3":{"name":"(anonymous_3)","line":23,"loc":{"start":{"line":23,"column":24},"end":{"line":23,"column":36}}},"4":{"name":"(anonymous_4)","line":61,"loc":{"start":{"line":61,"column":5},"end":{"line":61,"column":17}}},"5":{"name":"(anonymous_5)","line":82,"loc":{"start":{"line":82,"column":5},"end":{"line":82,"column":17}}},"6":{"name":"(anonymous_6)","line":91,"loc":{"start":{"line":91,"column":77},"end":{"line":94,"column":10}}},"7":{"name":"(anonymous_7)","line":112,"loc":{"start":{"line":112,"column":83},"end":{"line":115,"column":10}},"skip":true},"8":{"name":"(anonymous_8)","line":123,"loc":{"start":{"line":123,"column":77},"end":{"line":126,"column":10}},"skip":true},"9":{"name":"(anonymous_9)","line":139,"loc":{"start":{"line":139,"column":12},"end":{"line":139,"column":40}},"skip":true},"10":{"name":"(anonymous_10)","line":147,"loc":{"start":{"line":147,"column":77},"end":{"line":150,"column":10}},"skip":true},"11":{"name":"(anonymous_11)","line":158,"loc":{"start":{"line":158,"column":83},"end":{"line":161,"column":10}},"skip":true},"12":{"name":"(anonymous_12)","line":169,"loc":{"start":{"line":169,"column":79},"end":{"line":172,"column":10}},"skip":true},"13":{"name":"(anonymous_13)","line":180,"loc":{"start":{"line":180,"column":75},"end":{"line":183,"column":10}},"skip":true}},"statementMap":{"1":{"start":{"line":12,"column":0},"end":{"line":195,"column":5}},"2":{"start":{"line":14,"column":4},"end":{"line":14,"column":14}},"3":{"start":{"line":19,"column":4},"end":{"line":56,"column":9}},"4":{"start":{"line":21,"column":8},"end":{"line":21,"column":19}},"5":{"start":{"line":23,"column":8},"end":{"line":35,"column":13}},"6":{"start":{"line":24,"column":12},"end":{"line":34,"column":13}},"7":{"start":{"line":25,"column":16},"end":{"line":28,"column":30}},"8":{"start":{"line":30,"column":16},"end":{"line":33,"column":27}},"9":{"start":{"line":37,"column":8},"end":{"line":39,"column":21}},"10":{"start":{"line":40,"column":8},"end":{"line":53,"column":9}},"11":{"start":{"line":43,"column":12},"end":{"line":46,"column":14}},"12":{"start":{"line":47,"column":12},"end":{"line":47,"column":18}},"13":{"start":{"line":50,"column":12},"end":{"line":51,"column":46}},"14":{"start":{"line":52,"column":12},"end":{"line":52,"column":18}},"15":{"start":{"line":55,"column":8},"end":{"line":55,"column":35}},"16":{"start":{"line":61,"column":4},"end":{"line":63,"column":9}},"17":{"start":{"line":62,"column":8},"end":{"line":62,"column":15}},"18":{"start":{"line":64,"column":4},"end":{"line":77,"column":5}},"19":{"start":{"line":70,"column":8},"end":{"line":70,"column":14}},"20":{"start":{"line":76,"column":8},"end":{"line":76,"column":14}},"21":{"start":{"line":82,"column":4},"end":{"line":84,"column":9}},"22":{"start":{"line":83,"column":8},"end":{"line":83,"column":15}},"23":{"start":{"line":85,"column":4},"end":{"line":194,"column":5}},"24":{"start":{"line":91,"column":8},"end":{"line":99,"column":10}},"25":{"start":{"line":98,"column":12},"end":{"line":98,"column":35}},"26":{"start":{"line":102,"column":8},"end":{"line":104,"column":63}},"27":{"start":{"line":105,"column":8},"end":{"line":105,"column":14}},"28":{"start":{"line":112,"column":8},"end":{"line":121,"column":10},"skip":true},"29":{"start":{"line":119,"column":12},"end":{"line":119,"column":55},"skip":true},"30":{"start":{"line":120,"column":12},"end":{"line":120,"column":48},"skip":true},"31":{"start":{"line":123,"column":8},"end":{"line":136,"column":10},"skip":true},"32":{"start":{"line":130,"column":12},"end":{"line":130,"column":76},"skip":true},"33":{"start":{"line":131,"column":12},"end":{"line":131,"column":73},"skip":true},"34":{"start":{"line":132,"column":12},"end":{"line":132,"column":74},"skip":true},"35":{"start":{"line":133,"column":12},"end":{"line":133,"column":79},"skip":true},"36":{"start":{"line":134,"column":12},"end":{"line":134,"column":25},"skip":true},"37":{"start":{"line":135,"column":12},"end":{"line":135,"column":45},"skip":true},"38":{"start":{"line":138,"column":8},"end":{"line":145,"column":14},"skip":true},"39":{"start":{"line":143,"column":16},"end":{"line":143,"column":29},"skip":true},"40":{"start":{"line":144,"column":16},"end":{"line":144,"column":55},"skip":true},"41":{"start":{"line":147,"column":8},"end":{"line":156,"column":10},"skip":true},"42":{"start":{"line":154,"column":12},"end":{"line":154,"column":25},"skip":true},"43":{"start":{"line":155,"column":12},"end":{"line":155,"column":45},"skip":true},"44":{"start":{"line":158,"column":8},"end":{"line":167,"column":10},"skip":true},"45":{"start":{"line":165,"column":12},"end":{"line":165,"column":25},"skip":true},"46":{"start":{"line":166,"column":12},"end":{"line":166,"column":48},"skip":true},"47":{"start":{"line":169,"column":8},"end":{"line":178,"column":10},"skip":true},"48":{"start":{"line":176,"column":12},"end":{"line":176,"column":25},"skip":true},"49":{"start":{"line":177,"column":12},"end":{"line":177,"column":46},"skip":true},"50":{"start":{"line":180,"column":8},"end":{"line":189,"column":10},"skip":true},"51":{"start":{"line":187,"column":12},"end":{"line":187,"column":94},"skip":true},"52":{"start":{"line":188,"column":12},"end":{"line":188,"column":48},"skip":true},"53":{"start":{"line":192,"column":8},"end":{"line":192,"column":35},"skip":true},"54":{"start":{"line":193,"column":8},"end":{"line":193,"column":14},"skip":true}},"branchMap":{"1":{"line":25,"type":"binary-expr","locations":[{"start":{"line":25,"column":23},"end":{"line":25,"column":62}},{"start":{"line":26,"column":20},"end":{"line":26,"column":70}},{"start":{"line":27,"column":20},"end":{"line":27,"column":71}},{"start":{"line":28,"column":20},"end":{"line":28,"column":29}}]},"2":{"line":30,"type":"binary-expr","locations":[{"start":{"line":30,"column":23},"end":{"line":30,"column":37}},{"start":{"line":31,"column":20},"end":{"line":31,"column":61}},{"start":{"line":32,"column":20},"end":{"line":32,"column":70}},{"start":{"line":33,"column":20},"end":{"line":33,"column":26}}]},"3":{"line":37,"type":"cond-expr","locations":[{"start":{"line":38,"column":14},"end":{"line":38,"column":20}},{"start":{"line":39,"column":14},"end":{"line":39,"column":20}}]},"4":{"line":40,"type":"switch","locations":[{"start":{"line":42,"column":8},"end":{"line":47,"column":18}},{"start":{"line":49,"column":8},"end":{"line":52,"column":18}}]},"5":{"line":44,"type":"binary-expr","locations":[{"start":{"line":44,"column":16},"end":{"line":44,"column":44}},{"start":{"line":44,"column":48},"end":{"line":44,"column":66}}]},"6":{"line":50,"type":"binary-expr","locations":[{"start":{"line":50,"column":21},"end":{"line":50,"column":49}},{"start":{"line":50,"column":53},"end":{"line":50,"column":72}}]},"7":{"line":64,"type":"switch","locations":[{"start":{"line":69,"column":4},"end":{"line":70,"column":14}},{"start":{"line":75,"column":4},"end":{"line":76,"column":14}}]},"8":{"line":85,"type":"switch","locations":[{"start":{"line":90,"column":4},"end":{"line":105,"column":14}},{"start":{"line":111,"column":4},"end":{"line":193,"column":14},"skip":true}]},"9":{"line":91,"type":"binary-expr","locations":[{"start":{"line":91,"column":42},"end":{"line":91,"column":73}},{"start":{"line":91,"column":77},"end":{"line":99,"column":9}}]},"10":{"line":102,"type":"binary-expr","locations":[{"start":{"line":102,"column":18},"end":{"line":102,"column":32}},{"start":{"line":103,"column":12},"end":{"line":103,"column":53}},{"start":{"line":104,"column":12},"end":{"line":104,"column":61}}]},"11":{"line":112,"type":"binary-expr","locations":[{"start":{"line":112,"column":45},"end":{"line":112,"column":79},"skip":true},{"start":{"line":112,"column":83},"end":{"line":121,"column":9},"skip":true}]},"12":{"line":123,"type":"binary-expr","locations":[{"start":{"line":123,"column":42},"end":{"line":123,"column":73},"skip":true},{"start":{"line":123,"column":77},"end":{"line":136,"column":9},"skip":true}]},"13":{"line":138,"type":"binary-expr","locations":[{"start":{"line":138,"column":48},"end":{"line":138,"column":85},"skip":true},{"start":{"line":139,"column":12},"end":{"line":145,"column":13},"skip":true}]},"14":{"line":147,"type":"binary-expr","locations":[{"start":{"line":147,"column":42},"end":{"line":147,"column":73},"skip":true},{"start":{"line":147,"column":77},"end":{"line":156,"column":9},"skip":true}]},"15":{"line":158,"type":"binary-expr","locations":[{"start":{"line":158,"column":45},"end":{"line":158,"column":79},"skip":true},{"start":{"line":158,"column":83},"end":{"line":167,"column":9},"skip":true}]},"16":{"line":169,"type":"binary-expr","locations":[{"start":{"line":169,"column":43},"end":{"line":169,"column":75},"skip":true},{"start":{"line":169,"column":79},"end":{"line":178,"column":9},"skip":true}]},"17":{"line":180,"type":"binary-expr","locations":[{"start":{"line":180,"column":41},"end":{"line":180,"column":71},"skip":true},{"start":{"line":180,"column":75},"end":{"line":189,"column":9},"skip":true}]}},"code":["/* istanbul instrument in package npmtest_vows */","/*jslint","    bitwise: true,","    browser: true,","    maxerr: 8,","    maxlen: 96,","    node: true,","    nomen: true,","    regexp: true,","    stupid: true","*/","(function () {","    'use strict';","    var local;","","","","    // run shared js-env code - pre-init","    (function () {","        // init local","        local = {};","        // init modeJs","        local.modeJs = (function () {","            try {","                return typeof navigator.userAgent === 'string' &&","                    typeof document.querySelector('body') === 'object' &&","                    typeof XMLHttpRequest.prototype.open === 'function' &&","                    'browser';","            } catch (errorCaughtBrowser) {","                return module.exports &&","                    typeof process.versions.node === 'string' &&","                    typeof require('http').createServer === 'function' &&","                    'node';","            }","        }());","        // init global","        local.global = local.modeJs === 'browser'","            ? window","            : global;","        switch (local.modeJs) {","        // re-init local from window.local","        case 'browser':","            local = local.global.utility2.objectSetDefault(","                local.global.utility2_rollup || local.global.local,","                local.global.utility2","            );","            break;","        // re-init local from example.js","        case 'node':","            local = (local.global.utility2_rollup || require('utility2'))","                .requireExampleJsFromReadme();","            break;","        }","        // export local","        local.global.local = local;","    }());","","","","    // run shared js-env code - function","    (function () {","        return;","    }());","    switch (local.modeJs) {","","","","    // run browser js-env code - function","    case 'browser':","        break;","","","","    // run node js-env code - function","    case 'node':","        break;","    }","","","","    // run shared js-env code - post-init","    (function () {","        return;","    }());","    switch (local.modeJs) {","","","","    // run browser js-env code - post-init","    case 'browser':","        local.testCase_browser_nullCase = local.testCase_browser_nullCase || function (","            options,","            onError","        ) {","        /*","         * this function will test browsers's null-case handling-behavior-behavior","         */","            onError(null, options);","        };","","        // run tests","        local.nop(local.modeTest &&","            document.querySelector('#testRunButton1') &&","            document.querySelector('#testRunButton1').click());","        break;","","","","    // run node js-env code - post-init","    /* istanbul ignore next */","    case 'node':","        local.testCase_buildApidoc_default = local.testCase_buildApidoc_default || function (","            options,","            onError","        ) {","        /*","         * this function will test buildApidoc's default handling-behavior-behavior","         */","            options = { modulePathList: module.paths };","            local.buildApidoc(options, onError);","        };","","        local.testCase_buildApp_default = local.testCase_buildApp_default || function (","            options,","            onError","        ) {","        /*","         * this function will test buildApp's default handling-behavior-behavior","         */","            local.testCase_buildReadme_default(options, local.onErrorThrow);","            local.testCase_buildLib_default(options, local.onErrorThrow);","            local.testCase_buildTest_default(options, local.onErrorThrow);","            local.testCase_buildCustomOrg_default(options, local.onErrorThrow);","            options = [];","            local.buildApp(options, onError);","        };","","        local.testCase_buildCustomOrg_default = local.testCase_buildCustomOrg_default ||","            function (options, onError) {","            /*","             * this function will test buildCustomOrg's default handling-behavior","             */","                options = {};","                local.buildCustomOrg(options, onError);","            };","","        local.testCase_buildLib_default = local.testCase_buildLib_default || function (","            options,","            onError","        ) {","        /*","         * this function will test buildLib's default handling-behavior","         */","            options = {};","            local.buildLib(options, onError);","        };","","        local.testCase_buildReadme_default = local.testCase_buildReadme_default || function (","            options,","            onError","        ) {","        /*","         * this function will test buildReadme's default handling-behavior-behavior","         */","            options = {};","            local.buildReadme(options, onError);","        };","","        local.testCase_buildTest_default = local.testCase_buildTest_default || function (","            options,","            onError","        ) {","        /*","         * this function will test buildTest's default handling-behavior","         */","            options = {};","            local.buildTest(options, onError);","        };","","        local.testCase_webpage_default = local.testCase_webpage_default || function (","            options,","            onError","        ) {","        /*","         * this function will test webpage's default handling-behavior","         */","            options = { modeCoverageMerge: true, url: local.serverLocalHost + '?modeTest=1' };","            local.browserTest(options, onError);","        };","","        // run test-server","        local.testRunServer(local);","        break;","    }","}());",""],"l":{"12":2,"14":2,"19":2,"21":2,"23":2,"24":2,"25":2,"30":1,"37":2,"40":2,"43":1,"47":1,"50":1,"52":1,"55":2,"61":2,"62":2,"64":2,"70":1,"76":1,"82":2,"83":2,"85":2,"91":1,"98":1,"102":1,"105":1,"112":1,"119":1,"120":1,"123":1,"130":1,"131":1,"132":1,"133":1,"134":1,"135":1,"138":1,"143":2,"144":2,"147":1,"154":2,"155":2,"158":1,"165":2,"166":2,"169":1,"176":2,"177":2,"180":1,"187":1,"188":1,"192":1,"193":1}},"/home/travis/build/npmtest/node-npmtest-vows/lib.npmtest_vows.js":{"path":"/home/travis/build/npmtest/node-npmtest-vows/lib.npmtest_vows.js","s":{"1":2,"2":2,"3":2,"4":2,"5":2,"6":2,"7":2,"8":1,"9":2,"10":2,"11":2,"12":2,"13":1,"14":1,"15":1,"16":1},"b":{"1":[2,1,1,1],"2":[1,1,1,1],"3":[1,1],"4":[2,2],"5":[1,1]},"f":{"1":2,"2":2,"3":2},"fnMap":{"1":{"name":"(anonymous_1)","line":12,"loc":{"start":{"line":12,"column":1},"end":{"line":12,"column":13}}},"2":{"name":"(anonymous_2)","line":19,"loc":{"start":{"line":19,"column":5},"end":{"line":19,"column":17}}},"3":{"name":"(anonymous_3)","line":23,"loc":{"start":{"line":23,"column":24},"end":{"line":23,"column":36}}}},"statementMap":{"1":{"start":{"line":12,"column":0},"end":{"line":53,"column":5}},"2":{"start":{"line":14,"column":4},"end":{"line":14,"column":14}},"3":{"start":{"line":19,"column":4},"end":{"line":52,"column":9}},"4":{"start":{"line":21,"column":8},"end":{"line":21,"column":19}},"5":{"start":{"line":23,"column":8},"end":{"line":35,"column":13}},"6":{"start":{"line":24,"column":12},"end":{"line":34,"column":13}},"7":{"start":{"line":25,"column":16},"end":{"line":28,"column":30}},"8":{"start":{"line":30,"column":16},"end":{"line":33,"column":27}},"9":{"start":{"line":37,"column":8},"end":{"line":39,"column":21}},"10":{"start":{"line":41,"column":8},"end":{"line":41,"column":54}},"11":{"start":{"line":43,"column":8},"end":{"line":43,"column":49}},"12":{"start":{"line":45,"column":8},"end":{"line":51,"column":9}},"13":{"start":{"line":46,"column":12},"end":{"line":46,"column":55}},"14":{"start":{"line":48,"column":12},"end":{"line":48,"column":35}},"15":{"start":{"line":49,"column":12},"end":{"line":49,"column":49}},"16":{"start":{"line":50,"column":12},"end":{"line":50,"column":43}}},"branchMap":{"1":{"line":25,"type":"binary-expr","locations":[{"start":{"line":25,"column":23},"end":{"line":25,"column":62}},{"start":{"line":26,"column":20},"end":{"line":26,"column":70}},{"start":{"line":27,"column":20},"end":{"line":27,"column":71}},{"start":{"line":28,"column":20},"end":{"line":28,"column":29}}]},"2":{"line":30,"type":"binary-expr","locations":[{"start":{"line":30,"column":23},"end":{"line":30,"column":37}},{"start":{"line":31,"column":20},"end":{"line":31,"column":61}},{"start":{"line":32,"column":20},"end":{"line":32,"column":70}},{"start":{"line":33,"column":20},"end":{"line":33,"column":26}}]},"3":{"line":37,"type":"cond-expr","locations":[{"start":{"line":38,"column":14},"end":{"line":38,"column":20}},{"start":{"line":39,"column":14},"end":{"line":39,"column":20}}]},"4":{"line":41,"type":"binary-expr","locations":[{"start":{"line":41,"column":16},"end":{"line":41,"column":44}},{"start":{"line":41,"column":48},"end":{"line":41,"column":53}}]},"5":{"line":45,"type":"if","locations":[{"start":{"line":45,"column":8},"end":{"line":45,"column":8}},{"start":{"line":45,"column":8},"end":{"line":45,"column":8}}]}},"code":["/* istanbul instrument in package npmtest_vows */","/*jslint","    bitwise: true,","    browser: true,","    maxerr: 8,","    maxlen: 96,","    node: true,","    nomen: true,","    regexp: true,","    stupid: true","*/","(function () {","    'use strict';","    var local;","","","","    // run shared js-env code - pre-init","    (function () {","        // init local","        local = {};","        // init modeJs","        local.modeJs = (function () {","            try {","                return typeof navigator.userAgent === 'string' &&","                    typeof document.querySelector('body') === 'object' &&","                    typeof XMLHttpRequest.prototype.open === 'function' &&","                    'browser';","            } catch (errorCaughtBrowser) {","                return module.exports &&","                    typeof process.versions.node === 'string' &&","                    typeof require('http').createServer === 'function' &&","                    'node';","            }","        }());","        // init global","        local.global = local.modeJs === 'browser'","            ? window","            : global;","        // init utility2_rollup","        local = local.global.utility2_rollup || local;","        // init lib","        local.local = local.npmtest_vows = local;","        // init exports","        if (local.modeJs === 'browser') {","            local.global.utility2_npmtest_vows = local;","        } else {","            module.exports = local;","            module.exports.__dirname = __dirname;","            module.exports.module = module;","        }","    }());","}());",""],"l":{"12":2,"14":2,"19":2,"21":2,"23":2,"24":2,"25":2,"30":1,"37":2,"41":2,"43":2,"45":2,"46":1,"48":1,"49":1,"50":1}},"/home/travis/build/npmtest/node-npmtest-vows/example.js":{"path":"/home/travis/build/npmtest/node-npmtest-vows/example.js","s":{"1":2,"2":2,"3":2,"4":2,"5":2,"6":2,"7":2,"8":1,"9":2,"10":2,"11":2,"12":2,"13":1,"14":2,"15":2,"16":2,"17":2,"18":2,"19":0,"20":2,"21":1,"22":1,"23":1,"24":1,"25":1,"26":0,"27":0,"28":1,"29":1,"30":2,"31":0,"32":0,"33":0,"34":1,"35":2,"36":2,"37":3,"38":3,"39":3,"40":3,"41":0,"42":3,"43":3,"44":3,"45":1,"46":3,"47":1,"48":1,"49":1,"50":1,"51":1,"52":1,"53":1,"54":1,"55":1,"56":1,"57":0,"58":1,"59":6,"60":6,"61":1,"62":2,"63":0,"64":2,"65":1,"66":1,"67":0,"68":0,"69":0,"70":0,"71":0,"72":0,"73":0,"74":0,"75":0,"76":0,"77":0,"78":0,"79":0,"80":0,"81":0,"82":0,"83":0},"b":{"1":[2,1,1,1],"2":[1,1,1,1],"3":[1,1],"4":[2,2],"5":[1,1],"6":[1,1],"7":[2,0],"8":[2,1,1,1,1,1],"9":[0,2,0],"10":[1,1],"11":[2,1,1],"12":[1,0],"13":[0,2],"14":[2,0,0,0,0,0,0],"15":[0,3],"16":[3,0],"17":[1,1],"18":[0,1],"19":[1,2,0,2],"20":[1,0],"21":[1,1],"22":[0,0],"23":[0,0],"24":[0,0],"25":[0,0],"26":[0,0],"27":[0,0],"28":[0,0]},"f":{"1":2,"2":2,"3":2,"4":2,"5":2,"6":2,"7":3,"8":3,"9":3,"10":1,"11":6,"12":0},"fnMap":{"1":{"name":"(anonymous_1)","line":26,"loc":{"start":{"line":26,"column":1},"end":{"line":26,"column":13}}},"2":{"name":"(anonymous_2)","line":33,"loc":{"start":{"line":33,"column":5},"end":{"line":33,"column":17}}},"3":{"name":"(anonymous_3)","line":37,"loc":{"start":{"line":37,"column":24},"end":{"line":37,"column":36}}},"4":{"name":"(anonymous_4)","line":69,"loc":{"start":{"line":69,"column":31},"end":{"line":69,"column":48}},"skip":true},"5":{"name":"(anonymous_5)","line":78,"loc":{"start":{"line":78,"column":26},"end":{"line":78,"column":45}},"skip":true},"6":{"name":"(anonymous_6)","line":123,"loc":{"start":{"line":123,"column":33},"end":{"line":123,"column":48}},"skip":true},"7":{"name":"(anonymous_7)","line":125,"loc":{"start":{"line":125,"column":27},"end":{"line":125,"column":39}},"skip":true},"8":{"name":"(anonymous_8)","line":133,"loc":{"start":{"line":133,"column":59},"end":{"line":133,"column":74}},"skip":true},"9":{"name":"(anonymous_9)","line":143,"loc":{"start":{"line":143,"column":45},"end":{"line":143,"column":62}},"skip":true},"10":{"name":"(anonymous_10)","line":144,"loc":{"start":{"line":144,"column":73},"end":{"line":144,"column":92}},"skip":true},"11":{"name":"(anonymous_11)","line":272,"loc":{"start":{"line":272,"column":51},"end":{"line":272,"column":77}},"skip":true},"12":{"name":"(anonymous_12)","line":315,"loc":{"start":{"line":315,"column":32},"end":{"line":315,"column":61}},"skip":true}},"statementMap":{"1":{"start":{"line":26,"column":0},"end":{"line":326,"column":5}},"2":{"start":{"line":28,"column":4},"end":{"line":28,"column":14}},"3":{"start":{"line":33,"column":4},"end":{"line":60,"column":9}},"4":{"start":{"line":35,"column":8},"end":{"line":35,"column":19}},"5":{"start":{"line":37,"column":8},"end":{"line":49,"column":13}},"6":{"start":{"line":38,"column":12},"end":{"line":48,"column":13}},"7":{"start":{"line":39,"column":16},"end":{"line":42,"column":30}},"8":{"start":{"line":44,"column":16},"end":{"line":47,"column":27}},"9":{"start":{"line":51,"column":8},"end":{"line":53,"column":21}},"10":{"start":{"line":55,"column":8},"end":{"line":57,"column":45}},"11":{"start":{"line":59,"column":8},"end":{"line":59,"column":35}},"12":{"start":{"line":61,"column":4},"end":{"line":325,"column":5}},"13":{"start":{"line":69,"column":8},"end":{"line":121,"column":10},"skip":true},"14":{"start":{"line":70,"column":12},"end":{"line":88,"column":13},"skip":true},"15":{"start":{"line":76,"column":16},"end":{"line":87,"column":19},"skip":true},"16":{"start":{"line":79,"column":20},"end":{"line":86,"column":21},"skip":true},"17":{"start":{"line":82,"column":24},"end":{"line":82,"column":43},"skip":true},"18":{"start":{"line":83,"column":24},"end":{"line":83,"column":30},"skip":true},"19":{"start":{"line":85,"column":24},"end":{"line":85,"column":49},"skip":true},"20":{"start":{"line":89,"column":12},"end":{"line":107,"column":13},"skip":true},"21":{"start":{"line":92,"column":16},"end":{"line":102,"column":17},"skip":true},"22":{"start":{"line":93,"column":20},"end":{"line":93,"column":86},"skip":true},"23":{"start":{"line":94,"column":20},"end":{"line":95,"column":45},"skip":true},"24":{"start":{"line":96,"column":20},"end":{"line":96,"column":42},"skip":true},"25":{"start":{"line":97,"column":20},"end":{"line":97,"column":48},"skip":true},"26":{"start":{"line":100,"column":20},"end":{"line":100,"column":85},"skip":true},"27":{"start":{"line":101,"column":20},"end":{"line":101,"column":96},"skip":true},"28":{"start":{"line":103,"column":16},"end":{"line":103,"column":22},"skip":true},"29":{"start":{"line":106,"column":16},"end":{"line":106,"column":22},"skip":true},"30":{"start":{"line":108,"column":12},"end":{"line":120,"column":13},"skip":true},"31":{"start":{"line":114,"column":16},"end":{"line":119,"column":17},"skip":true},"32":{"start":{"line":116,"column":20},"end":{"line":116,"column":78},"skip":true},"33":{"start":{"line":118,"column":20},"end":{"line":118,"column":47},"skip":true},"34":{"start":{"line":123,"column":8},"end":{"line":141,"column":11},"skip":true},"35":{"start":{"line":124,"column":12},"end":{"line":124,"column":54},"skip":true},"36":{"start":{"line":125,"column":12},"end":{"line":140,"column":14},"skip":true},"37":{"start":{"line":126,"column":16},"end":{"line":126,"column":28},"skip":true},"38":{"start":{"line":127,"column":16},"end":{"line":127,"column":69},"skip":true},"39":{"start":{"line":128,"column":16},"end":{"line":128,"column":75},"skip":true},"40":{"start":{"line":129,"column":16},"end":{"line":131,"column":17},"skip":true},"41":{"start":{"line":130,"column":20},"end":{"line":130,"column":27},"skip":true},"42":{"start":{"line":133,"column":16},"end":{"line":137,"column":36},"skip":true},"43":{"start":{"line":134,"column":20},"end":{"line":136,"column":55},"skip":true},"44":{"start":{"line":139,"column":16},"end":{"line":139,"column":57},"skip":true},"45":{"start":{"line":143,"column":8},"end":{"line":147,"column":11},"skip":true},"46":{"start":{"line":144,"column":12},"end":{"line":146,"column":15},"skip":true},"47":{"start":{"line":145,"column":16},"end":{"line":145,"column":70},"skip":true},"48":{"start":{"line":149,"column":8},"end":{"line":149,"column":31},"skip":true},"49":{"start":{"line":150,"column":8},"end":{"line":150,"column":14},"skip":true},"50":{"start":{"line":158,"column":8},"end":{"line":158,"column":31},"skip":true},"51":{"start":{"line":160,"column":8},"end":{"line":160,"column":33},"skip":true},"52":{"start":{"line":161,"column":8},"end":{"line":161,"column":37},"skip":true},"53":{"start":{"line":162,"column":8},"end":{"line":162,"column":35},"skip":true},"54":{"start":{"line":164,"column":8},"end":{"line":164,"column":50},"skip":true},"55":{"start":{"line":166,"column":8},"end":{"line":256,"column":2},"skip":true},"56":{"start":{"line":258,"column":8},"end":{"line":286,"column":9},"skip":true},"57":{"start":{"line":259,"column":12},"end":{"line":269,"column":14},"skip":true},"58":{"start":{"line":271,"column":12},"end":{"line":285,"column":19},"skip":true},"59":{"start":{"line":274,"column":20},"end":{"line":274,"column":35},"skip":true},"60":{"start":{"line":275,"column":20},"end":{"line":284,"column":21},"skip":true},"61":{"start":{"line":277,"column":24},"end":{"line":277,"column":64},"skip":true},"62":{"start":{"line":279,"column":24},"end":{"line":279,"column":40},"skip":true},"63":{"start":{"line":281,"column":24},"end":{"line":281,"column":40},"skip":true},"64":{"start":{"line":283,"column":24},"end":{"line":283,"column":39},"skip":true},"65":{"start":{"line":288,"column":8},"end":{"line":290,"column":9},"skip":true},"66":{"start":{"line":289,"column":12},"end":{"line":289,"column":18},"skip":true},"67":{"start":{"line":291,"column":8},"end":{"line":293,"column":54},"skip":true},"68":{"start":{"line":296,"column":8},"end":{"line":301,"column":37},"skip":true},"69":{"start":{"line":303,"column":8},"end":{"line":303,"column":82},"skip":true},"70":{"start":{"line":306,"column":8},"end":{"line":308,"column":9},"skip":true},"71":{"start":{"line":307,"column":12},"end":{"line":307,"column":82},"skip":true},"72":{"start":{"line":310,"column":8},"end":{"line":312,"column":9},"skip":true},"73":{"start":{"line":311,"column":12},"end":{"line":311,"column":18},"skip":true},"74":{"start":{"line":313,"column":8},"end":{"line":313,"column":54},"skip":true},"75":{"start":{"line":314,"column":8},"end":{"line":314,"column":69},"skip":true},"76":{"start":{"line":315,"column":8},"end":{"line":323,"column":36},"skip":true},"77":{"start":{"line":316,"column":12},"end":{"line":316,"column":61},"skip":true},"78":{"start":{"line":317,"column":12},"end":{"line":320,"column":13},"skip":true},"79":{"start":{"line":318,"column":16},"end":{"line":318,"column":75},"skip":true},"80":{"start":{"line":319,"column":16},"end":{"line":319,"column":23},"skip":true},"81":{"start":{"line":321,"column":12},"end":{"line":321,"column":38},"skip":true},"82":{"start":{"line":322,"column":12},"end":{"line":322,"column":27},"skip":true},"83":{"start":{"line":324,"column":8},"end":{"line":324,"column":14},"skip":true}},"branchMap":{"1":{"line":39,"type":"binary-expr","locations":[{"start":{"line":39,"column":23},"end":{"line":39,"column":62}},{"start":{"line":40,"column":20},"end":{"line":40,"column":70}},{"start":{"line":41,"column":20},"end":{"line":41,"column":71}},{"start":{"line":42,"column":20},"end":{"line":42,"column":29}}]},"2":{"line":44,"type":"binary-expr","locations":[{"start":{"line":44,"column":23},"end":{"line":44,"column":37}},{"start":{"line":45,"column":20},"end":{"line":45,"column":61}},{"start":{"line":46,"column":20},"end":{"line":46,"column":70}},{"start":{"line":47,"column":20},"end":{"line":47,"column":26}}]},"3":{"line":51,"type":"cond-expr","locations":[{"start":{"line":52,"column":14},"end":{"line":52,"column":20}},{"start":{"line":53,"column":14},"end":{"line":53,"column":20}}]},"4":{"line":55,"type":"binary-expr","locations":[{"start":{"line":55,"column":16},"end":{"line":55,"column":44}},{"start":{"line":55,"column":49},"end":{"line":57,"column":43}}]},"5":{"line":55,"type":"cond-expr","locations":[{"start":{"line":56,"column":14},"end":{"line":56,"column":48}},{"start":{"line":57,"column":14},"end":{"line":57,"column":43}}]},"6":{"line":61,"type":"switch","locations":[{"start":{"line":68,"column":4},"end":{"line":150,"column":14},"skip":true},{"start":{"line":156,"column":4},"end":{"line":324,"column":14},"skip":true}]},"7":{"line":70,"type":"if","locations":[{"start":{"line":70,"column":12},"end":{"line":70,"column":12},"skip":true},{"start":{"line":70,"column":12},"end":{"line":70,"column":12},"skip":true}]},"8":{"line":70,"type":"binary-expr","locations":[{"start":{"line":70,"column":16},"end":{"line":70,"column":22},"skip":true},{"start":{"line":70,"column":27},"end":{"line":70,"column":32},"skip":true},{"start":{"line":71,"column":20},"end":{"line":71,"column":39},"skip":true},{"start":{"line":72,"column":20},"end":{"line":72,"column":49},"skip":true},{"start":{"line":73,"column":20},"end":{"line":73,"column":58},"skip":true},{"start":{"line":74,"column":20},"end":{"line":74,"column":69},"skip":true}]},"9":{"line":79,"type":"switch","locations":[{"start":{"line":80,"column":20},"end":{"line":80,"column":33},"skip":true},{"start":{"line":81,"column":20},"end":{"line":83,"column":30},"skip":true},{"start":{"line":84,"column":20},"end":{"line":85,"column":49},"skip":true}]},"10":{"line":89,"type":"switch","locations":[{"start":{"line":90,"column":12},"end":{"line":103,"column":22},"skip":true},{"start":{"line":105,"column":12},"end":{"line":106,"column":22},"skip":true}]},"11":{"line":89,"type":"binary-expr","locations":[{"start":{"line":89,"column":20},"end":{"line":89,"column":25},"skip":true},{"start":{"line":89,"column":29},"end":{"line":89,"column":48},"skip":true},{"start":{"line":89,"column":52},"end":{"line":89,"column":74},"skip":true}]},"12":{"line":92,"type":"if","locations":[{"start":{"line":92,"column":16},"end":{"line":92,"column":16},"skip":true},{"start":{"line":92,"column":16},"end":{"line":92,"column":16},"skip":true}]},"13":{"line":108,"type":"if","locations":[{"start":{"line":108,"column":12},"end":{"line":108,"column":12},"skip":true},{"start":{"line":108,"column":12},"end":{"line":108,"column":12},"skip":true}]},"14":{"line":108,"type":"binary-expr","locations":[{"start":{"line":108,"column":16},"end":{"line":108,"column":61},"skip":true},{"start":{"line":108,"column":66},"end":{"line":108,"column":72},"skip":true},{"start":{"line":108,"column":77},"end":{"line":108,"column":82},"skip":true},{"start":{"line":109,"column":20},"end":{"line":109,"column":39},"skip":true},{"start":{"line":110,"column":20},"end":{"line":110,"column":49},"skip":true},{"start":{"line":111,"column":20},"end":{"line":111,"column":58},"skip":true},{"start":{"line":112,"column":20},"end":{"line":112,"column":68},"skip":true}]},"15":{"line":129,"type":"if","locations":[{"start":{"line":129,"column":16},"end":{"line":129,"column":16},"skip":true},{"start":{"line":129,"column":16},"end":{"line":129,"column":16},"skip":true}]},"16":{"line":134,"type":"cond-expr","locations":[{"start":{"line":135,"column":26},"end":{"line":135,"column":29},"skip":true},{"start":{"line":136,"column":26},"end":{"line":136,"column":54},"skip":true}]},"17":{"line":164,"type":"binary-expr","locations":[{"start":{"line":164,"column":27},"end":{"line":164,"column":43},"skip":true},{"start":{"line":164,"column":47},"end":{"line":164,"column":49},"skip":true}]},"18":{"line":258,"type":"if","locations":[{"start":{"line":258,"column":8},"end":{"line":258,"column":8},"skip":true},{"start":{"line":258,"column":8},"end":{"line":258,"column":8},"skip":true}]},"19":{"line":275,"type":"switch","locations":[{"start":{"line":276,"column":20},"end":{"line":277,"column":64},"skip":true},{"start":{"line":278,"column":20},"end":{"line":279,"column":40},"skip":true},{"start":{"line":280,"column":20},"end":{"line":281,"column":40},"skip":true},{"start":{"line":282,"column":20},"end":{"line":283,"column":39},"skip":true}]},"20":{"line":288,"type":"if","locations":[{"start":{"line":288,"column":8},"end":{"line":288,"column":8},"skip":true},{"start":{"line":288,"column":8},"end":{"line":288,"column":8},"skip":true}]},"21":{"line":288,"type":"binary-expr","locations":[{"start":{"line":288,"column":12},"end":{"line":288,"column":40},"skip":true},{"start":{"line":288,"column":44},"end":{"line":288,"column":67},"skip":true}]},"22":{"line":292,"type":"binary-expr","locations":[{"start":{"line":292,"column":12},"end":{"line":292,"column":50},"skip":true},{"start":{"line":293,"column":12},"end":{"line":293,"column":53},"skip":true}]},"23":{"line":297,"type":"binary-expr","locations":[{"start":{"line":297,"column":12},"end":{"line":297,"column":62},"skip":true},{"start":{"line":298,"column":12},"end":{"line":301,"column":36},"skip":true}]},"24":{"line":303,"type":"binary-expr","locations":[{"start":{"line":303,"column":43},"end":{"line":303,"column":75},"skip":true},{"start":{"line":303,"column":79},"end":{"line":303,"column":81},"skip":true}]},"25":{"line":306,"type":"if","locations":[{"start":{"line":306,"column":8},"end":{"line":306,"column":8},"skip":true},{"start":{"line":306,"column":8},"end":{"line":306,"column":8},"skip":true}]},"26":{"line":310,"type":"if","locations":[{"start":{"line":310,"column":8},"end":{"line":310,"column":8},"skip":true},{"start":{"line":310,"column":8},"end":{"line":310,"column":8},"skip":true}]},"27":{"line":313,"type":"binary-expr","locations":[{"start":{"line":313,"column":27},"end":{"line":313,"column":43},"skip":true},{"start":{"line":313,"column":47},"end":{"line":313,"column":53},"skip":true}]},"28":{"line":317,"type":"if","locations":[{"start":{"line":317,"column":12},"end":{"line":317,"column":12},"skip":true},{"start":{"line":317,"column":12},"end":{"line":317,"column":12},"skip":true}]}},"code":["/*","example.js","","quickstart example","","instruction","    1. save this script as example.js","    2. run the shell command:","        $ npm install npmtest-vows && PORT=8081 node example.js","    3. play with the browser-demo on http://127.0.0.1:8081","*/","","","","/* istanbul instrument in package npmtest_vows */","/*jslint","    bitwise: true,","    browser: true,","    maxerr: 8,","    maxlen: 96,","    node: true,","    nomen: true,","    regexp: true,","    stupid: true","*/","(function () {","    'use strict';","    var local;","","","","    // run shared js-env code - pre-init","    (function () {","        // init local","        local = {};","        // init modeJs","        local.modeJs = (function () {","            try {","                return typeof navigator.userAgent === 'string' &&","                    typeof document.querySelector('body') === 'object' &&","                    typeof XMLHttpRequest.prototype.open === 'function' &&","                    'browser';","            } catch (errorCaughtBrowser) {","                return module.exports &&","                    typeof process.versions.node === 'string' &&","                    typeof require('http').createServer === 'function' &&","                    'node';","            }","        }());","        // init global","        local.global = local.modeJs === 'browser'","            ? window","            : global;","        // init utility2_rollup","        local = local.global.utility2_rollup || (local.modeJs === 'browser'","            ? local.global.utility2_npmtest_vows","            : global.utility2_moduleExports);","        // export local","        local.global.local = local;","    }());","    switch (local.modeJs) {","","","","    // post-init","    // run browser js-env code - post-init","    /* istanbul ignore next */","    case 'browser':","        local.testRunBrowser = function (event) {","            if (!event || (event &&","                    event.currentTarget &&","                    event.currentTarget.className &&","                    event.currentTarget.className.includes &&","                    event.currentTarget.className.includes('onreset'))) {","                // reset output","                Array.from(","                    document.querySelectorAll('body > .resettable')","                ).forEach(function (element) {","                    switch (element.tagName) {","                    case 'INPUT':","                    case 'TEXTAREA':","                        element.value = '';","                        break;","                    default:","                        element.textContent = '';","                    }","                });","            }","            switch (event && event.currentTarget && event.currentTarget.id) {","            case 'testRunButton1':","                // show tests","                if (document.querySelector('#testReportDiv1').style.display === 'none') {","                    document.querySelector('#testReportDiv1').style.display = 'block';","                    document.querySelector('#testRunButton1').textContent =","                        'hide internal test';","                    local.modeTest = true;","                    local.testRunDefault(local);","                // hide tests","                } else {","                    document.querySelector('#testReportDiv1').style.display = 'none';","                    document.querySelector('#testRunButton1').textContent = 'run internal test';","                }","                break;","            // custom-case","            default:","                break;","            }","            if (document.querySelector('#inputTextareaEval1') && (!event || (event &&","                    event.currentTarget &&","                    event.currentTarget.className &&","                    event.currentTarget.className.includes &&","                    event.currentTarget.className.includes('oneval')))) {","                // try to eval input-code","                try {","                    /*jslint evil: true*/","                    eval(document.querySelector('#inputTextareaEval1').value);","                } catch (errorCaught) {","                    console.error(errorCaught);","                }","            }","        };","        // log stderr and stdout to #outputTextareaStdout1","        ['error', 'log'].forEach(function (key) {","            console[key + '_original'] = console[key];","            console[key] = function () {","                var element;","                console[key + '_original'].apply(console, arguments);","                element = document.querySelector('#outputTextareaStdout1');","                if (!element) {","                    return;","                }","                // append text to #outputTextareaStdout1","                element.value += Array.from(arguments).map(function (arg) {","                    return typeof arg === 'string'","                        ? arg","                        : JSON.stringify(arg, null, 4);","                }).join(' ') + '\\n';","                // scroll textarea to bottom","                element.scrollTop = element.scrollHeight;","            };","        });","        // init event-handling","        ['change', 'click', 'keyup'].forEach(function (event) {","            Array.from(document.querySelectorAll('.on' + event)).forEach(function (element) {","                element.addEventListener(event, local.testRunBrowser);","            });","        });","        // run tests","        local.testRunBrowser();","        break;","","","","    // run node js-env code - post-init","    /* istanbul ignore next */","    case 'node':","        // export local","        module.exports = local;","        // require modules","        local.fs = require('fs');","        local.http = require('http');","        local.url = require('url');","        // init assets","        local.assetsDict = local.assetsDict || {};","        /* jslint-ignore-begin */","        local.assetsDict['/assets.index.template.html'] = '\\","<!doctype html>\\n\\","<html lang=\"en\">\\n\\","<head>\\n\\","<meta charset=\"UTF-8\">\\n\\","<meta name=\"viewport\" content=\"width=device-width, initial-scale=1\">\\n\\","<title>{{env.npm_package_name}} (v{{env.npm_package_version}})</title>\\n\\","<style>\\n\\","/*csslint\\n\\","    box-sizing: false,\\n\\","    universal-selector: false\\n\\","*/\\n\\","* {\\n\\","    box-sizing: border-box;\\n\\","}\\n\\","body {\\n\\","    background: #dde;\\n\\","    font-family: Arial, Helvetica, sans-serif;\\n\\","    margin: 2rem;\\n\\","}\\n\\","body > * {\\n\\","    margin-bottom: 1rem;\\n\\","}\\n\\",".utility2FooterDiv {\\n\\","    margin-top: 20px;\\n\\","    text-align: center;\\n\\","}\\n\\","</style>\\n\\","<style>\\n\\","/*csslint\\n\\","*/\\n\\","textarea {\\n\\","    font-family: monospace;\\n\\","    height: 10rem;\\n\\","    width: 100%;\\n\\","}\\n\\","textarea[readonly] {\\n\\","    background: #ddd;\\n\\","}\\n\\","</style>\\n\\","</head>\\n\\","<body>\\n\\","<!-- utility2-comment\\n\\","<div id=\"ajaxProgressDiv1\" style=\"background: #d00; height: 2px; left: 0; margin: 0; padding: 0; position: fixed; top: 0; transition: background 0.5s, width 1.5s; width: 25%;\"></div>\\n\\","utility2-comment -->\\n\\","<h1>\\n\\","<!-- utility2-comment\\n\\","    <a\\n\\","        {{#if env.npm_package_homepage}}\\n\\","        href=\"{{env.npm_package_homepage}}\"\\n\\","        {{/if env.npm_package_homepage}}\\n\\","        target=\"_blank\"\\n\\","    >\\n\\","utility2-comment -->\\n\\","        {{env.npm_package_name}} (v{{env.npm_package_version}})\\n\\","<!-- utility2-comment\\n\\","    </a>\\n\\","utility2-comment -->\\n\\","</h1>\\n\\","<h3>{{env.npm_package_description}}</h3>\\n\\","<!-- utility2-comment\\n\\","<h4><a download href=\"assets.app.js\">download standalone app</a></h4>\\n\\","<button class=\"onclick onreset\" id=\"testRunButton1\">run internal test</button><br>\\n\\","<div id=\"testReportDiv1\" style=\"display: none;\"></div>\\n\\","utility2-comment -->\\n\\","\\n\\","\\n\\","\\n\\","<label>stderr and stdout</label>\\n\\","<textarea class=\"resettable\" id=\"outputTextareaStdout1\" readonly></textarea>\\n\\","<!-- utility2-comment\\n\\","{{#if isRollup}}\\n\\","<script src=\"assets.app.js\"></script>\\n\\","{{#unless isRollup}}\\n\\","utility2-comment -->\\n\\","<script src=\"assets.utility2.rollup.js\"></script>\\n\\","<script src=\"jsonp.utility2._stateInit?callback=window.utility2._stateInit\"></script>\\n\\","<script src=\"assets.npmtest_vows.rollup.js\"></script>\\n\\","<script src=\"assets.example.js\"></script>\\n\\","<script src=\"assets.test.js\"></script>\\n\\","<!-- utility2-comment\\n\\","{{/if isRollup}}\\n\\","utility2-comment -->\\n\\","<div class=\"utility2FooterDiv\">\\n\\","    [ this app was created with\\n\\","    <a href=\"https://github.com/kaizhu256/node-utility2\" target=\"_blank\">utility2</a>\\n\\","    ]\\n\\","</div>\\n\\","</body>\\n\\","</html>\\n\\","';","        /* jslint-ignore-end */","        if (local.templateRender) {","            local.assetsDict['/'] = local.templateRender(","                local.assetsDict['/assets.index.template.html'],","                {","                    env: local.objectSetDefault(local.env, {","                        npm_package_description: 'the greatest app in the world!',","                        npm_package_name: 'my-app',","                        npm_package_nameAlias: 'my_app',","                        npm_package_version: '0.0.1'","                    })","                }","            );","        } else {","            local.assetsDict['/'] = local.assetsDict['/assets.index.template.html']","                .replace((/\\{\\{env\\.(\\w+?)\\}\\}/g), function (match0, match1) {","                    // jslint-hack","                    String(match0);","                    switch (match1) {","                    case 'npm_package_description':","                        return 'the greatest app in the world!';","                    case 'npm_package_name':","                        return 'my-app';","                    case 'npm_package_nameAlias':","                        return 'my_app';","                    case 'npm_package_version':","                        return '0.0.1';","                    }","                });","        }","        // run the cli","        if (local.global.utility2_rollup || module !== require.main) {","            break;","        }","        local.assetsDict['/assets.example.js'] =","            local.assetsDict['/assets.example.js'] ||","            local.fs.readFileSync(__filename, 'utf8');","        // bug-workaround - long $npm_package_buildCustomOrg","        /* jslint-ignore-begin */","        local.assetsDict['/assets.npmtest_vows.rollup.js'] =","            local.assetsDict['/assets.npmtest_vows.rollup.js'] ||","            local.fs.readFileSync(","                local.npmtest_vows.__dirname + '/lib.npmtest_vows.js',","                'utf8'","            ).replace((/^#!/), '//');","        /* jslint-ignore-end */","        local.assetsDict['/favicon.ico'] = local.assetsDict['/favicon.ico'] || '';","        // if $npm_config_timeout_exit exists,","        // then exit this process after $npm_config_timeout_exit ms","        if (Number(process.env.npm_config_timeout_exit)) {","            setTimeout(process.exit, Number(process.env.npm_config_timeout_exit));","        }","        // start server","        if (local.global.utility2_serverHttp1) {","            break;","        }","        process.env.PORT = process.env.PORT || '8081';","        console.error('server starting on port ' + process.env.PORT);","        local.http.createServer(function (request, response) {","            request.urlParsed = local.url.parse(request.url);","            if (local.assetsDict[request.urlParsed.pathname] !== undefined) {","                response.end(local.assetsDict[request.urlParsed.pathname]);","                return;","            }","            response.statusCode = 404;","            response.end();","        }).listen(process.env.PORT);","        break;","    }","}());",""],"l":{"26":2,"28":2,"33":2,"35":2,"37":2,"38":2,"39":2,"44":1,"51":2,"55":2,"59":2,"61":2,"69":1,"70":2,"76":2,"79":2,"82":2,"83":2,"85":1,"89":2,"92":1,"93":1,"94":1,"96":1,"97":1,"100":1,"101":1,"103":1,"106":1,"108":2,"114":1,"116":1,"118":1,"123":1,"124":2,"125":2,"126":3,"127":3,"128":3,"129":3,"130":1,"133":3,"134":3,"139":3,"143":1,"144":3,"145":1,"149":1,"150":1,"158":1,"160":1,"161":1,"162":1,"164":1,"166":1,"258":1,"259":1,"271":1,"274":6,"275":6,"277":1,"279":2,"281":1,"283":2,"288":1,"289":1,"291":1,"296":1,"303":1,"306":1,"307":1,"310":1,"311":1,"313":1,"314":1,"315":1,"316":1,"317":1,"318":1,"319":1,"321":1,"322":1,"324":1}},"/home/travis/build/npmtest/node-npmtest-vows/node_modules/vows/lib/vows.js":{"path":"/home/travis/build/npmtest/node-npmtest-vows/node_modules/vows/lib/vows.js","s":{"1":1,"2":1,"3":1,"4":2,"5":1,"6":1,"7":1,"8":1,"9":1,"10":1,"11":1,"12":1,"13":1,"14":0,"15":0,"16":0,"17":0,"18":0,"19":0,"20":0,"21":0,"22":0,"23":0,"24":0,"25":0,"26":0,"27":0,"28":0,"29":0,"30":0,"31":0,"32":0,"33":0,"34":0,"35":0,"36":0,"37":0,"38":0,"39":1,"40":0,"41":0,"42":0,"43":0,"44":0,"45":0,"46":0,"47":0,"48":0,"49":0,"50":0,"51":0,"52":0,"53":1,"54":0,"55":0,"56":0,"57":0,"58":0,"59":0,"60":1,"61":0,"62":0,"63":0,"64":0,"65":0,"66":0,"67":0,"68":0,"69":0,"70":0,"71":0,"72":0,"73":0,"74":0,"75":0,"76":0,"77":0,"78":0,"79":0,"80":0,"81":0,"82":0,"83":0,"84":0,"85":1,"86":1,"87":1,"88":0,"89":0,"90":0,"91":0,"92":0,"93":0,"94":0,"95":0,"96":0,"97":0,"98":0,"99":0,"100":0,"101":0,"102":0,"103":0,"104":1},"b":{"1":[0,0],"2":[0,0],"3":[0,0],"4":[0,0,0],"5":[0,0],"6":[0,0],"7":[0,0],"8":[0,0],"9":[0,0,0],"10":[0,0],"11":[0,0],"12":[0,0],"13":[0,0],"14":[0,0],"15":[0,0],"16":[0,0],"17":[0,0],"18":[0,0],"19":[0,0],"20":[0,0],"21":[0,0,0],"22":[0,0],"23":[0,0],"24":[0,0],"25":[0,0],"26":[0,0],"27":[0,0],"28":[0,0],"29":[0,0],"30":[0,0],"31":[0,0],"32":[0,0],"33":[0,0],"34":[0,0],"35":[0,0]},"f":{"1":2,"2":0,"3":0,"4":0,"5":0,"6":0,"7":0,"8":0,"9":0,"10":0,"11":0,"12":0,"13":0,"14":0,"15":0},"fnMap":{"1":{"name":"(anonymous_1)","line":31,"loc":{"start":{"line":31,"column":34},"end":{"line":31,"column":46}}},"2":{"name":"addVow","line":58,"loc":{"start":{"line":58,"column":0},"end":{"line":58,"column":21}}},"3":{"name":"(anonymous_3)","line":67,"loc":{"start":{"line":67,"column":19},"end":{"line":67,"column":31}}},"4":{"name":"(anonymous_4)","line":86,"loc":{"start":{"line":86,"column":25},"end":{"line":86,"column":40}}},"5":{"name":"(anonymous_5)","line":105,"loc":{"start":{"line":105,"column":50},"end":{"line":105,"column":65}}},"6":{"name":"runTest","line":117,"loc":{"start":{"line":117,"column":4},"end":{"line":117,"column":32}}},"7":{"name":"output","line":147,"loc":{"start":{"line":147,"column":4},"end":{"line":147,"column":39}}},"8":{"name":"(anonymous_8)","line":168,"loc":{"start":{"line":168,"column":19},"end":{"line":168,"column":31}}},"9":{"name":"(anonymous_9)","line":172,"loc":{"start":{"line":172,"column":24},"end":{"line":172,"column":37}}},"10":{"name":"(anonymous_10)","line":177,"loc":{"start":{"line":177,"column":26},"end":{"line":177,"column":39}}},"11":{"name":"(anonymous_11)","line":180,"loc":{"start":{"line":180,"column":27},"end":{"line":180,"column":42}}},"12":{"name":"(anonymous_12)","line":190,"loc":{"start":{"line":190,"column":28},"end":{"line":190,"column":45}}},"13":{"name":"(anonymous_13)","line":204,"loc":{"start":{"line":204,"column":41},"end":{"line":204,"column":54}}},"14":{"name":"(anonymous_14)","line":222,"loc":{"start":{"line":222,"column":16},"end":{"line":222,"column":35}}},"15":{"name":"(anonymous_15)","line":227,"loc":{"start":{"line":227,"column":42},"end":{"line":227,"column":59}}}},"statementMap":{"1":{"start":{"line":18,"column":0},"end":{"line":21,"column":19}},"2":{"start":{"line":24,"column":0},"end":{"line":29,"column":2}},"3":{"start":{"line":31,"column":0},"end":{"line":33,"column":3}},"4":{"start":{"line":32,"column":4},"end":{"line":32,"column":33}},"5":{"start":{"line":35,"column":0},"end":{"line":35,"column":48}},"6":{"start":{"line":36,"column":0},"end":{"line":36,"column":55}},"7":{"start":{"line":38,"column":0},"end":{"line":38,"column":49}},"8":{"start":{"line":39,"column":0},"end":{"line":39,"column":48}},"9":{"start":{"line":40,"column":0},"end":{"line":40,"column":46}},"10":{"start":{"line":45,"column":0},"end":{"line":45,"column":26}},"11":{"start":{"line":46,"column":0},"end":{"line":46,"column":27}},"12":{"start":{"line":51,"column":0},"end":{"line":51,"column":42}},"13":{"start":{"line":58,"column":0},"end":{"line":162,"column":1}},"14":{"start":{"line":59,"column":4},"end":{"line":61,"column":20}},"15":{"start":{"line":63,"column":4},"end":{"line":63,"column":19}},"16":{"start":{"line":64,"column":4},"end":{"line":64,"column":25}},"17":{"start":{"line":67,"column":4},"end":{"line":83,"column":7}},"18":{"start":{"line":68,"column":8},"end":{"line":69,"column":19}},"19":{"start":{"line":69,"column":12},"end":{"line":69,"column":19}},"20":{"start":{"line":71,"column":8},"end":{"line":71,"column":57}},"21":{"start":{"line":77,"column":8},"end":{"line":80,"column":9}},"22":{"start":{"line":79,"column":12},"end":{"line":79,"column":31}},"23":{"start":{"line":81,"column":8},"end":{"line":81,"column":32}},"24":{"start":{"line":82,"column":8},"end":{"line":82,"column":27}},"25":{"start":{"line":85,"column":4},"end":{"line":96,"column":5}},"26":{"start":{"line":86,"column":8},"end":{"line":95,"column":11}},"27":{"start":{"line":87,"column":12},"end":{"line":87,"column":35}},"28":{"start":{"line":88,"column":12},"end":{"line":93,"column":13}},"29":{"start":{"line":89,"column":16},"end":{"line":89,"column":45}},"30":{"start":{"line":91,"column":16},"end":{"line":92,"column":61}},"31":{"start":{"line":94,"column":12},"end":{"line":94,"column":31}},"32":{"start":{"line":99,"column":4},"end":{"line":113,"column":5}},"33":{"start":{"line":102,"column":8},"end":{"line":111,"column":9}},"34":{"start":{"line":105,"column":12},"end":{"line":107,"column":15}},"35":{"start":{"line":106,"column":16},"end":{"line":106,"column":40}},"36":{"start":{"line":110,"column":12},"end":{"line":110,"column":79}},"37":{"start":{"line":112,"column":8},"end":{"line":112,"column":27}},"38":{"start":{"line":115,"column":4},"end":{"line":115,"column":16}},"39":{"start":{"line":117,"column":4},"end":{"line":145,"column":5}},"40":{"start":{"line":118,"column":8},"end":{"line":120,"column":9}},"41":{"start":{"line":119,"column":12},"end":{"line":119,"column":37}},"42":{"start":{"line":122,"column":8},"end":{"line":131,"column":9}},"43":{"start":{"line":123,"column":12},"end":{"line":123,"column":50}},"44":{"start":{"line":126,"column":12},"end":{"line":130,"column":13}},"45":{"start":{"line":128,"column":16},"end":{"line":128,"column":69}},"46":{"start":{"line":129,"column":16},"end":{"line":129,"column":23}},"47":{"start":{"line":135,"column":8},"end":{"line":144,"column":9}},"48":{"start":{"line":136,"column":12},"end":{"line":136,"column":81}},"49":{"start":{"line":137,"column":12},"end":{"line":137,"column":30}},"50":{"start":{"line":139,"column":12},"end":{"line":143,"column":13}},"51":{"start":{"line":140,"column":16},"end":{"line":140,"column":69}},"52":{"start":{"line":142,"column":16},"end":{"line":142,"column":61}},"53":{"start":{"line":147,"column":4},"end":{"line":161,"column":5}},"54":{"start":{"line":148,"column":8},"end":{"line":148,"column":25}},"55":{"start":{"line":149,"column":8},"end":{"line":149,"column":28}},"56":{"start":{"line":151,"column":8},"end":{"line":154,"column":9}},"57":{"start":{"line":152,"column":12},"end":{"line":152,"column":44}},"58":{"start":{"line":153,"column":12},"end":{"line":153,"column":57}},"59":{"start":{"line":155,"column":8},"end":{"line":160,"column":12}},"60":{"start":{"line":168,"column":0},"end":{"line":211,"column":3}},"61":{"start":{"line":169,"column":4},"end":{"line":170,"column":16}},"62":{"start":{"line":172,"column":4},"end":{"line":206,"column":7}},"63":{"start":{"line":173,"column":8},"end":{"line":176,"column":9}},"64":{"start":{"line":174,"column":12},"end":{"line":174,"column":37}},"65":{"start":{"line":175,"column":12},"end":{"line":175,"column":84}},"66":{"start":{"line":177,"column":8},"end":{"line":205,"column":11}},"67":{"start":{"line":178,"column":12},"end":{"line":178,"column":29}},"68":{"start":{"line":180,"column":12},"end":{"line":186,"column":15}},"69":{"start":{"line":181,"column":16},"end":{"line":185,"column":17}},"70":{"start":{"line":182,"column":20},"end":{"line":184,"column":21}},"71":{"start":{"line":183,"column":24},"end":{"line":183,"column":50}},"72":{"start":{"line":188,"column":12},"end":{"line":188,"column":57}},"73":{"start":{"line":188,"column":38},"end":{"line":188,"column":55}},"74":{"start":{"line":190,"column":12},"end":{"line":197,"column":15}},"75":{"start":{"line":191,"column":16},"end":{"line":196,"column":20}},"76":{"start":{"line":199,"column":12},"end":{"line":203,"column":13}},"77":{"start":{"line":200,"column":16},"end":{"line":200,"column":31}},"78":{"start":{"line":201,"column":16},"end":{"line":201,"column":35}},"79":{"start":{"line":202,"column":16},"end":{"line":202,"column":33}},"80":{"start":{"line":204,"column":12},"end":{"line":204,"column":78}},"81":{"start":{"line":204,"column":56},"end":{"line":204,"column":75}},"82":{"start":{"line":207,"column":4},"end":{"line":210,"column":5}},"83":{"start":{"line":208,"column":8},"end":{"line":208,"column":43}},"84":{"start":{"line":209,"column":8},"end":{"line":209,"column":24}},"85":{"start":{"line":213,"column":0},"end":{"line":213,"column":17}},"86":{"start":{"line":217,"column":0},"end":{"line":217,"column":50}},"87":{"start":{"line":222,"column":0},"end":{"line":255,"column":2}},"88":{"start":{"line":223,"column":4},"end":{"line":223,"column":36}},"89":{"start":{"line":225,"column":4},"end":{"line":225,"column":51}},"90":{"start":{"line":227,"column":4},"end":{"line":242,"column":5}},"91":{"start":{"line":228,"column":8},"end":{"line":228,"column":62}},"92":{"start":{"line":229,"column":8},"end":{"line":229,"column":72}},"93":{"start":{"line":231,"column":8},"end":{"line":231,"column":60}},"94":{"start":{"line":233,"column":8},"end":{"line":237,"column":9}},"95":{"start":{"line":234,"column":12},"end":{"line":234,"column":53}},"96":{"start":{"line":236,"column":12},"end":{"line":236,"column":51}},"97":{"start":{"line":240,"column":8},"end":{"line":240,"column":48}},"98":{"start":{"line":241,"column":8},"end":{"line":241,"column":46}},"99":{"start":{"line":243,"column":4},"end":{"line":243,"column":28}},"100":{"start":{"line":248,"column":4},"end":{"line":252,"column":5}},"101":{"start":{"line":249,"column":8},"end":{"line":251,"column":9}},"102":{"start":{"line":250,"column":12},"end":{"line":250,"column":41}},"103":{"start":{"line":254,"column":4},"end":{"line":254,"column":17}},"104":{"start":{"line":258,"column":0},"end":{"line":260,"column":34}}},"branchMap":{"1":{"line":60,"type":"binary-expr","locations":[{"start":{"line":60,"column":16},"end":{"line":60,"column":41}},{"start":{"line":60,"column":45},"end":{"line":60,"column":54}}]},"2":{"line":68,"type":"if","locations":[{"start":{"line":68,"column":8},"end":{"line":68,"column":8}},{"start":{"line":68,"column":8},"end":{"line":68,"column":8}}]},"3":{"line":77,"type":"if","locations":[{"start":{"line":77,"column":8},"end":{"line":77,"column":8}},{"start":{"line":77,"column":8},"end":{"line":77,"column":8}}]},"4":{"line":77,"type":"binary-expr","locations":[{"start":{"line":77,"column":12},"end":{"line":77,"column":43}},{"start":{"line":78,"column":12},"end":{"line":78,"column":36}},{"start":{"line":78,"column":40},"end":{"line":78,"column":65}}]},"5":{"line":77,"type":"binary-expr","locations":[{"start":{"line":77,"column":14},"end":{"line":77,"column":22}},{"start":{"line":77,"column":26},"end":{"line":77,"column":42}}]},"6":{"line":85,"type":"if","locations":[{"start":{"line":85,"column":4},"end":{"line":85,"column":4}},{"start":{"line":85,"column":4},"end":{"line":85,"column":4}}]},"7":{"line":88,"type":"if","locations":[{"start":{"line":88,"column":12},"end":{"line":88,"column":12}},{"start":{"line":88,"column":12},"end":{"line":88,"column":12}}]},"8":{"line":88,"type":"binary-expr","locations":[{"start":{"line":88,"column":16},"end":{"line":88,"column":40}},{"start":{"line":88,"column":44},"end":{"line":88,"column":70}}]},"9":{"line":91,"type":"binary-expr","locations":[{"start":{"line":91,"column":60},"end":{"line":91,"column":69}},{"start":{"line":92,"column":23},"end":{"line":92,"column":34}},{"start":{"line":92,"column":38},"end":{"line":92,"column":57}}]},"10":{"line":99,"type":"if","locations":[{"start":{"line":99,"column":4},"end":{"line":99,"column":4}},{"start":{"line":99,"column":4},"end":{"line":99,"column":4}}]},"11":{"line":99,"type":"binary-expr","locations":[{"start":{"line":99,"column":8},"end":{"line":99,"column":30}},{"start":{"line":100,"column":8},"end":{"line":100,"column":52}}]},"12":{"line":102,"type":"if","locations":[{"start":{"line":102,"column":8},"end":{"line":102,"column":8}},{"start":{"line":102,"column":8},"end":{"line":102,"column":8}}]},"13":{"line":118,"type":"if","locations":[{"start":{"line":118,"column":8},"end":{"line":118,"column":8}},{"start":{"line":118,"column":8},"end":{"line":118,"column":8}}]},"14":{"line":122,"type":"if","locations":[{"start":{"line":122,"column":8},"end":{"line":122,"column":8}},{"start":{"line":122,"column":8},"end":{"line":122,"column":8}}]},"15":{"line":122,"type":"binary-expr","locations":[{"start":{"line":122,"column":12},"end":{"line":122,"column":39}},{"start":{"line":122,"column":43},"end":{"line":122,"column":68}}]},"16":{"line":126,"type":"if","locations":[{"start":{"line":126,"column":12},"end":{"line":126,"column":12}},{"start":{"line":126,"column":12},"end":{"line":126,"column":12}}]},"17":{"line":136,"type":"cond-expr","locations":[{"start":{"line":136,"column":56},"end":{"line":136,"column":67}},{"start":{"line":136,"column":70},"end":{"line":136,"column":73}}]},"18":{"line":136,"type":"binary-expr","locations":[{"start":{"line":136,"column":31},"end":{"line":136,"column":45}},{"start":{"line":136,"column":49},"end":{"line":136,"column":53}}]},"19":{"line":139,"type":"if","locations":[{"start":{"line":139,"column":12},"end":{"line":139,"column":12}},{"start":{"line":139,"column":12},"end":{"line":139,"column":12}}]},"20":{"line":139,"type":"binary-expr","locations":[{"start":{"line":139,"column":16},"end":{"line":139,"column":22}},{"start":{"line":139,"column":26},"end":{"line":139,"column":56}}]},"21":{"line":142,"type":"binary-expr","locations":[{"start":{"line":142,"column":34},"end":{"line":142,"column":41}},{"start":{"line":142,"column":45},"end":{"line":142,"column":54}},{"start":{"line":142,"column":58},"end":{"line":142,"column":59}}]},"22":{"line":151,"type":"if","locations":[{"start":{"line":151,"column":8},"end":{"line":151,"column":8}},{"start":{"line":151,"column":8},"end":{"line":151,"column":8}}]},"23":{"line":151,"type":"binary-expr","locations":[{"start":{"line":151,"column":12},"end":{"line":151,"column":23}},{"start":{"line":151,"column":27},"end":{"line":151,"column":60}}]},"24":{"line":159,"type":"binary-expr","locations":[{"start":{"line":159,"column":23},"end":{"line":159,"column":32}},{"start":{"line":159,"column":36},"end":{"line":159,"column":40}}]},"25":{"line":173,"type":"if","locations":[{"start":{"line":173,"column":8},"end":{"line":173,"column":8}},{"start":{"line":173,"column":8},"end":{"line":173,"column":8}}]},"26":{"line":173,"type":"binary-expr","locations":[{"start":{"line":173,"column":13},"end":{"line":173,"column":32}},{"start":{"line":173,"column":38},"end":{"line":173,"column":61}}]},"27":{"line":181,"type":"if","locations":[{"start":{"line":181,"column":16},"end":{"line":181,"column":16}},{"start":{"line":181,"column":16},"end":{"line":181,"column":16}}]},"28":{"line":182,"type":"if","locations":[{"start":{"line":182,"column":20},"end":{"line":182,"column":20}},{"start":{"line":182,"column":20},"end":{"line":182,"column":20}}]},"29":{"line":188,"type":"if","locations":[{"start":{"line":188,"column":12},"end":{"line":188,"column":12}},{"start":{"line":188,"column":12},"end":{"line":188,"column":12}}]},"30":{"line":199,"type":"if","locations":[{"start":{"line":199,"column":12},"end":{"line":199,"column":12}},{"start":{"line":199,"column":12},"end":{"line":199,"column":12}}]},"31":{"line":207,"type":"if","locations":[{"start":{"line":207,"column":4},"end":{"line":207,"column":4}},{"start":{"line":207,"column":4},"end":{"line":207,"column":4}}]},"32":{"line":228,"type":"binary-expr","locations":[{"start":{"line":228,"column":33},"end":{"line":228,"column":55}},{"start":{"line":228,"column":59},"end":{"line":228,"column":61}}]},"33":{"line":229,"type":"binary-expr","locations":[{"start":{"line":229,"column":38},"end":{"line":229,"column":65}},{"start":{"line":229,"column":69},"end":{"line":229,"column":71}}]},"34":{"line":233,"type":"if","locations":[{"start":{"line":233,"column":8},"end":{"line":233,"column":8}},{"start":{"line":233,"column":8},"end":{"line":233,"column":8}}]},"35":{"line":248,"type":"if","locations":[{"start":{"line":248,"column":4},"end":{"line":248,"column":4}},{"start":{"line":248,"column":4},"end":{"line":248,"column":4}}]}},"code":["//","// Vows.js - asynchronous event-based BDD for node.js","//","//   usage:","//","//       var vows = require('vows');","//","//       vows.describe('Deep Thought').addBatch({","//           \"An instance of DeepThought\": {","//               topic: new DeepThought,","//","//               \"should know the answer to the ultimate question of life\": function (deepThought) {","//                   assert.equal (deepThought.question('what is the answer to the universe?'), 42);","//               }","//           }","//       }).run();","//","var path = require('path'),","    events = require('events'),","    util = require('util'),","    vows = exports;","","// Options","vows.options = {","    Emitter: events.EventEmitter,","    reporter: require('./vows/reporters/dot-matrix'),","    matcher: /.*/,","    error: true // Handle \"error\" event","};","","vows.__defineGetter__('reporter', function () {","    return vows.options.reporter;","});","","var stylize = require('./vows/console').stylize;","var console = vows.console = require('./vows/console');","","vows.inspect = require('./vows/console').inspect;","vows.prepare = require('./vows/extras').prepare;","vows.tryEnd  = require('./vows/suite').tryEnd;","","//","// Assertion Macros & Extensions","//","require('./assert/error');","require('./assert/macros');","","//","// Suite constructor","//","var Suite = require('./vows/suite').Suite;","","//","// This function gets added to events.EventEmitter.prototype, by default.","// It's essentially a wrapper around `on`, which adds all the specification","// goodness.","//","function addVow(vow) {","    var batch = vow.batch,","        event = vow.binding.context.event || 'success',","        self = this;","","    batch.total ++;","    batch.vows.push(vow);","","    // always set a listener on the event","    this.on(event, function () {","        if(vow.caughtError)","            return;","","        var args = Array.prototype.slice.call(arguments);","        // If the vow is a sub-event then we know it is an","        // emitted event.  So I don't muck with the arguments","        // However the legacy behavior:","        // If the callback is expecting two or more arguments,","        // pass the error as the first (null) and the result after.","        if (!(this.ctx && this.ctx.isEvent) &&","            vow.callback.length >= 2 && batch.suite.options.error) {","            args.unshift(null);","        }","        runTest(args, this.ctx);","        vows.tryEnd(batch);","    });","","    if (event !== 'error') {","        this.on(\"error\", function (err) {","            vow.caughtError = true;","            if (vow.callback.length >= 2 || !batch.suite.options.error) {","                runTest(arguments, this.ctx);","            } else {","                output('errored', { type: 'emitter', error: err.stack ||","                       err.message || JSON.stringify(err) });","            }","            vows.tryEnd(batch);","        });","    }","","    // in case an event fired before we could listen","    if (this._vowsEmitedEvents &&","        this._vowsEmitedEvents.hasOwnProperty(event)) {","        // make sure no one is messing with me","        if (Array.isArray(this._vowsEmitedEvents[event])) {","            // I don't think I need to optimize for one event,","            // I think it is more important to make sure I check the vow n times","            self._vowsEmitedEvents[event].forEach(function(args) {","                runTest(args, self.ctx);","            });","        } else {","            // initial conditions problem","            throw new Error('_vowsEmitedEvents[' + event + '] is not an Array')","        }","        vows.tryEnd(batch);","    }","","    return this;","","    function runTest(args, ctx) {","        if (vow.callback instanceof String) {","            return output('pending');","        }","","        if (vow.binding.context.isEvent && vow.binding.context.after) {","            var after = vow.binding.context.after;","            // only need to check order.  I won't get here if the after event","            // has never been emitted","            if (self._vowsEmitedEventsOrder.indexOf(after) >","                self._vowsEmitedEventsOrder.indexOf(event)) {","                output('broken', event + ' emitted before ' + after);","                return;","            }","        }","","        // Run the test, and try to catch `AssertionError`s and other exceptions;","        // increment counters accordingly.","        try {","            vow.callback.apply(ctx === global || !ctx ? vow.binding : ctx, args);","            output('honored');","        } catch (e) {","            if (e.name && e.name.match(/AssertionError/)) {","                output('broken', e.toStringEx().replace(/\\`/g, '`'));","            } else {","                output('errored', e.stack || e.message || e);","            }","        }","    }","","    function output(status, exception) {","        batch[status] ++;","        vow.status = status;","","        if (vow.context && batch.lastContext !== vow.context) {","            batch.lastContext = vow.context;","            batch.suite.report(['context', vow.context]);","        }","        batch.suite.report(['vow', {","            title: vow.description,","            context: vow.context,","            status: status,","            exception: exception || null","        }]);","    }","};","","//","// On exit, check that all emitters have been fired.","// If not, report an error message.","//","process.on('exit', function () {","    var results = { honored: 0, broken: 0, errored: 0, pending: 0, total: 0 },","        failure;","","    vows.suites.forEach(function (s) {","        if ((s.results.total > 0) && (s.results.time === null)) {","            s.reporter.print('\\n\\n');","            s.reporter.report(['error', { error: \"Asynchronous Error\", suite: s }]);","        }","        s.batches.forEach(function (b) {","            var unFired = [];","","            b.vows.forEach(function (vow) {","                if (! vow.status) {","                    if (unFired.indexOf(vow.context) === -1) {","                        unFired.push(vow.context);","                    }","                }","            });","","            if (unFired.length > 0) { util.print('\\n'); }","","            unFired.forEach(function (title) {","                s.reporter.report(['error', {","                    error: \"callback not fired\",","                    context: title,","                    batch: b,","                    suite: s","                }]);","            });","","            if (b.status === 'begin') {","                failure = true;","                results.errored ++;","                results.total ++;","            }","            Object.keys(results).forEach(function (k) { results[k] += b[k] });","        });","    });","    if (failure) {","        util.puts(console.result(results));","        process.exit(1);","    }","});","","vows.suites = [];","","// We need the old emit function so we can hook it","// and do magic to deal with events that have fired","var oldEmit = vows.options.Emitter.prototype.emit;","","//","// Create a new test suite","//","vows.describe = function (subject) {","    var suite = new(Suite)(subject);","","    this.options.Emitter.prototype.addVow = addVow;","    // just in case someone emit's before I get to it","    this.options.Emitter.prototype.emit = function (event) {","        this._vowsEmitedEvents = this._vowsEmitedEvents || {};","        this._vowsEmitedEventsOrder = this._vowsEmitedEventsOrder || [];","        // slice off the event","        var args = Array.prototype.slice.call(arguments, 1);","        // if multiple events are fired, add or push","        if (this._vowsEmitedEvents.hasOwnProperty(event)) {","            this._vowsEmitedEvents[event].push(args);","        } else {","            this._vowsEmitedEvents[event] = [args];","        }","","        // push the event onto a stack so I have an order","        this._vowsEmitedEventsOrder.push(event);","        return oldEmit.apply(this, arguments);","    }","    this.suites.push(suite);","","    //","    // Add any additional arguments as batches if they're present","    //","    if (arguments.length > 1) {","        for (var i = 1, l = arguments.length; i < l; ++i) {","            suite.addBatch(arguments[i]);","        }","    }","","    return suite;","};","","","vows.version = JSON.parse(require('fs')","                          .readFileSync(path.join(__dirname, '..', 'package.json')))","                          .version",""],"l":{"18":1,"24":1,"31":1,"32":2,"35":1,"36":1,"38":1,"39":1,"40":1,"45":1,"46":1,"51":1,"58":1,"59":0,"63":0,"64":0,"67":0,"68":0,"69":0,"71":0,"77":0,"79":0,"81":0,"82":0,"85":0,"86":0,"87":0,"88":0,"89":0,"91":0,"94":0,"99":0,"102":0,"105":0,"106":0,"110":0,"112":0,"115":0,"117":1,"118":0,"119":0,"122":0,"123":0,"126":0,"128":0,"129":0,"135":0,"136":0,"137":0,"139":0,"140":0,"142":0,"147":1,"148":0,"149":0,"151":0,"152":0,"153":0,"155":0,"168":1,"169":0,"172":0,"173":0,"174":0,"175":0,"177":0,"178":0,"180":0,"181":0,"182":0,"183":0,"188":0,"190":0,"191":0,"199":0,"200":0,"201":0,"202":0,"204":0,"207":0,"208":0,"209":0,"213":1,"217":1,"222":1,"223":0,"225":0,"227":0,"228":0,"229":0,"231":0,"233":0,"234":0,"236":0,"240":0,"241":0,"243":0,"248":0,"249":0,"250":0,"254":0,"258":1}},"/home/travis/build/npmtest/node-npmtest-vows/node_modules/vows/lib/vows/reporters/dot-matrix.js":{"path":"/home/travis/build/npmtest/node-npmtest-vows/node_modules/vows/lib/vows/reporters/dot-matrix.js","s":{"1":1,"2":1,"3":1,"4":1,"5":0,"6":1,"7":0,"8":0,"9":1,"10":0,"11":0,"12":0,"13":0,"14":0,"15":0,"16":0,"17":0,"18":0,"19":0,"20":0,"21":0,"22":0,"23":0,"24":0,"25":0,"26":0,"27":0,"28":0,"29":0,"30":0,"31":0,"32":0,"33":0,"34":0,"35":0,"36":0,"37":0,"38":1,"39":0},"b":{"1":[0,0,0,0,0,0],"2":[0,0],"3":[0,0],"4":[0,0],"5":[0,0],"6":[0,0],"7":[0,0]},"f":{"1":0,"2":0,"3":0,"4":0},"fnMap":{"1":{"name":"(anonymous_1)","line":11,"loc":{"start":{"line":11,"column":17},"end":{"line":11,"column":30}}},"2":{"name":"(anonymous_2)","line":15,"loc":{"start":{"line":15,"column":13},"end":{"line":15,"column":25}}},"3":{"name":"(anonymous_3)","line":19,"loc":{"start":{"line":19,"column":14},"end":{"line":19,"column":30}}},"4":{"name":"(anonymous_4)","line":65,"loc":{"start":{"line":65,"column":13},"end":{"line":65,"column":28}}}},"statementMap":{"1":{"start":{"line":1,"column":0},"end":{"line":4,"column":33}},"2":{"start":{"line":8,"column":0},"end":{"line":8,"column":31}},"3":{"start":{"line":10,"column":0},"end":{"line":10,"column":25}},"4":{"start":{"line":11,"column":0},"end":{"line":13,"column":2}},"5":{"start":{"line":12,"column":4},"end":{"line":12,"column":23}},"6":{"start":{"line":15,"column":0},"end":{"line":18,"column":2}},"7":{"start":{"line":16,"column":4},"end":{"line":16,"column":18}},"8":{"start":{"line":17,"column":4},"end":{"line":17,"column":23}},"9":{"start":{"line":19,"column":0},"end":{"line":63,"column":2}},"10":{"start":{"line":20,"column":4},"end":{"line":20,"column":24}},"11":{"start":{"line":22,"column":4},"end":{"line":62,"column":5}},"12":{"start":{"line":25,"column":12},"end":{"line":25,"column":18}},"13":{"start":{"line":27,"column":12},"end":{"line":27,"column":18}},"14":{"start":{"line":29,"column":12},"end":{"line":46,"column":13}},"15":{"start":{"line":30,"column":16},"end":{"line":30,"column":44}},"16":{"start":{"line":31,"column":19},"end":{"line":46,"column":13}},"17":{"start":{"line":32,"column":16},"end":{"line":32,"column":43}},"18":{"start":{"line":34,"column":16},"end":{"line":37,"column":17}},"19":{"start":{"line":35,"column":20},"end":{"line":35,"column":48}},"20":{"start":{"line":36,"column":20},"end":{"line":36,"column":56}},"21":{"start":{"line":38,"column":16},"end":{"line":44,"column":17}},"22":{"start":{"line":39,"column":20},"end":{"line":39,"column":49}},"23":{"start":{"line":40,"column":20},"end":{"line":40,"column":58}},"24":{"start":{"line":41,"column":23},"end":{"line":44,"column":17}},"25":{"start":{"line":42,"column":20},"end":{"line":42,"column":46}},"26":{"start":{"line":43,"column":20},"end":{"line":43,"column":58}},"27":{"start":{"line":45,"column":16},"end":{"line":45,"column":34}},"28":{"start":{"line":47,"column":12},"end":{"line":47,"column":18}},"29":{"start":{"line":49,"column":12},"end":{"line":49,"column":22}},"30":{"start":{"line":50,"column":12},"end":{"line":50,"column":18}},"31":{"start":{"line":52,"column":12},"end":{"line":56,"column":13}},"32":{"start":{"line":53,"column":16},"end":{"line":53,"column":51}},"33":{"start":{"line":55,"column":16},"end":{"line":55,"column":25}},"34":{"start":{"line":57,"column":12},"end":{"line":57,"column":51}},"35":{"start":{"line":58,"column":12},"end":{"line":58,"column":18}},"36":{"start":{"line":60,"column":12},"end":{"line":60,"column":39}},"37":{"start":{"line":61,"column":12},"end":{"line":61,"column":18}},"38":{"start":{"line":65,"column":0},"end":{"line":67,"column":2}},"39":{"start":{"line":66,"column":4},"end":{"line":66,"column":14}}},"branchMap":{"1":{"line":22,"type":"switch","locations":[{"start":{"line":23,"column":8},"end":{"line":25,"column":18}},{"start":{"line":26,"column":8},"end":{"line":27,"column":18}},
[...]
ctual}\", \"===\", assert.isZero);","    }","};","assert.isNotZero = function (actual, message) {","    assertMissingArguments(arguments, assert.isNotZero);","    if (actual === 0) {","        assert.fail(actual, 0, message || \"expected non-zero value, got {actual}\", \"===\", assert.isNotZero);","    }","};","","assert.greater = function (actual, expected, message) {","    assertMissingArguments(arguments, assert.greater);","    if (actual <= expected) {","        assert.fail(actual, expected, message || \"expected {actual} to be greater than {expected}\", \">\", assert.greater);","    }","};","assert.lesser = function (actual, expected, message) {","    assertMissingArguments(arguments, assert.lesser);","    if (actual >= expected) {","        assert.fail(actual, expected, message || \"expected {actual} to be lesser than {expected}\", \"<\", assert.lesser);","    }","};","","assert.inDelta = function (actual, expected, delta, message) {","    assertMissingArguments(arguments, assert.inDelta);","    var lower = expected - delta;","    var upper = expected + delta;","    if (actual != +actual || actual < lower || actual > upper) {","        assert.fail(actual, expected, message || \"expected {actual} to be in within *\" + delta.toString() + \"* of {expected}\", null, assert.inDelta);","    }","};","","//","// Inclusion","//","assert.include = function (actual, expected, message) {","    assertMissingArguments(arguments, assert.include);","    if ((function (obj) {","        if (isArray(obj) || isString(obj)) {","            return obj.indexOf(expected) === -1;","        } else if (isObject(actual)) {","            return ! obj.hasOwnProperty(expected);","        }","        return true;","    })(actual)) {","        assert.fail(actual, expected, message || \"expected {actual} to include {expected}\", \"include\", assert.include);","    }","};","assert.includes = assert.include;","","assert.notInclude = function (actual, expected, message) {","    assertMissingArguments(arguments, assert.notInclude);","    if ((function (obj) {","        if (isArray(obj) || isString(obj)) {","            return obj.indexOf(expected) !== -1;","        } else if (isObject(actual)) {","            return obj.hasOwnProperty(expected);","        }","        return true;","    })(actual)) {","        assert.fail(actual, expected, message || \"expected {actual} not to include {expected}\", \"include\", assert.notInclude);","    }","};","assert.notIncludes = assert.notInclude;","","assert.deepInclude = function (actual, expected, message) {","    assertMissingArguments(arguments, assert.deepInclude);","    if (!isArray(actual)) {","        return assert.include(actual, expected, message);","    }","    if (!actual.some(function (item) { return utils.deepEqual(item, expected) })) {","        assert.fail(actual, expected, message || \"expected {actual} to include {expected}\", \"include\", assert.deepInclude);","    }","};","assert.deepIncludes = assert.deepInclude;","","//","// Length","//","assert.isEmpty = function (actual, message) {","    assertMissingArguments(arguments, assert.isEmpty);","    if ((isObject(actual) && Object.keys(actual).length > 0) || actual.length > 0) {","        assert.fail(actual, 0, message || \"expected {actual} to be empty\", \"length\", assert.isEmpty);","    }","};","assert.isNotEmpty = function (actual, message) {","    assertMissingArguments(arguments, assert.isNotEmpty);","    if ((isObject(actual) && Object.keys(actual).length === 0) || actual.length === 0) {","        assert.fail(actual, 0, message || \"expected {actual} to be not empty\", \"length\", assert.isNotEmpty);","    }","};","","assert.lengthOf = function (actual, expected, message) {","    assertMissingArguments(arguments, assert.lengthOf);","    var len = isObject(actual) ? Object.keys(actual).length : actual.length;","    if (len !== expected) {","        assert.fail(actual, expected, message || \"expected {actual} to have {expected} element(s)\", \"length\", assert.length);","    }","};","","//","// Type","//","assert.isArray = function (actual, message) {","    assertMissingArguments(arguments, assert.isArray);","    assertTypeOf(actual, 'array', message || \"expected {actual} to be an Array\", assert.isArray);","};","assert.isObject = function (actual, message) {","    assertMissingArguments(arguments, assert.isObject);","    assertTypeOf(actual, 'object', message || \"expected {actual} to be an Object\", assert.isObject);","};","assert.isNumber = function (actual, message) {","    assertMissingArguments(arguments, assert.isNumber);","    if (isNaN(actual)) {","        assert.fail(actual, 'number', message || \"expected {actual} to be of type {expected}\", \"isNaN\", assert.isNumber);","    } else {","        assertTypeOf(actual, 'number', message || \"expected {actual} to be a Number\", assert.isNumber);","    }","};","assert.isBoolean = function (actual, message) {","    assertMissingArguments(arguments, assert.isBoolean);","    if (actual !== true && actual !== false) {","        assert.fail(actual, 'boolean', message || \"expected {actual} to be a Boolean\", \"===\", assert.isBoolean);","    }","};","assert.isNaN = function (actual, message) {","    assertMissingArguments(arguments, assert.isNaN);","    if (actual === actual) {","        assert.fail(actual, 'NaN', message || \"expected {actual} to be NaN\", \"===\", assert.isNaN);","    }","};","assert.isNull = function (actual, message) {","    assertMissingArguments(arguments, assert.isNull);","    if (actual !== null) {","        assert.fail(actual, null, message || \"expected {expected}, got {actual}\", \"===\", assert.isNull);","    }","};","assert.isNotNull = function (actual, message) {","    assertMissingArguments(arguments, assert.isNotNull);","    if (actual === null) {","        assert.fail(actual, null, message || \"expected non-null value, got {actual}\", \"===\", assert.isNotNull);","    }","};","assert.isUndefined = function (actual, message) {","    assertMissingArguments(arguments, assert.isUndefined);","    if (actual !== undefined) {","        assert.fail(actual, undefined, message || \"expected {actual} to be {expected}\", \"===\", assert.isUndefined);","    }","};","assert.isDefined = function (actual, message) {","    assertMissingArguments(arguments, assert.isDefined);","    if(actual === undefined) {","        assert.fail(actual, 0, message || \"expected {actual} to be defined\", \"===\", assert.isDefined);","    }","};","assert.isString = function (actual, message) {","    assertMissingArguments(arguments, assert.isString);","    assertTypeOf(actual, 'string', message || \"expected {actual} to be a String\", assert.isString);","};","assert.isFunction = function (actual, message) {","    assertMissingArguments(arguments, assert.isFunction);","    assertTypeOf(actual, 'function', message || \"expected {actual} to be a Function\", assert.isFunction);","};","assert.typeOf = function (actual, expected, message) {","    assertMissingArguments(arguments, assert.typeOf);","    assertTypeOf(actual, expected, message, assert.typeOf);","};","assert.instanceOf = function (actual, expected, message) {","    assertMissingArguments(arguments, assert.instanceof);","    if (! (actual instanceof expected)) {","        assert.fail(actual, expected, message || \"expected {actual} to be an instance of {expected}\", \"instanceof\", assert.instanceOf);","    }","};","","//","// Utility functions","//","","function assertMissingArguments(args, caller) {","    if (args.length === 0) {","        assert.fail(\"\", \"\", \"expected number of arguments to be greater than zero\", \"\", caller);","    }","}","","function assertTypeOf(actual, expected, message, caller) {","    if (typeOf(actual) !== expected) {","        assert.fail(actual, expected, message || \"expected {actual} to be of type {expected}\", \"typeOf\", caller);","    }","}","","function isArray (obj) {","    return Array.isArray(obj);","}","","function isString (obj) {","    return typeof(obj) === 'string' || obj instanceof String;","}","","function isObject (obj) {","    return typeof(obj) === 'object' && obj && !isArray(obj);","}","","// A better `typeof`","function typeOf(value) {","    var s = typeof(value),","        types = [Object, Array, String, RegExp, Number, Function, Boolean, Date];","","    if (s === 'object' || s === 'function') {","        if (value) {","            types.forEach(function (t) {","                if (value instanceof t) { s = t.name.toLowerCase() }","            });","        } else { s = 'null' }","    }","    return s;","}",""],"l":{"1":1,"4":1,"8":1,"9":1,"11":1,"12":6,"13":6,"14":0,"19":1,"20":0,"21":0,"22":0,"23":0,"24":0,"28":1,"29":1,"30":1,"31":16,"35":1,"36":0,"37":0,"38":0,"41":1,"43":1,"44":0,"45":0,"46":0,"49":1,"50":0,"51":0,"52":0,"55":1,"56":0,"57":0,"58":0,"61":1,"62":0,"63":0,"64":0,"68":1,"69":0,"70":0,"71":0,"74":1,"75":0,"76":0,"77":0,"81":1,"82":0,"83":0,"84":0,"85":0,"86":0,"93":1,"94":0,"95":0,"96":0,"97":0,"98":0,"99":0,"101":0,"103":0,"106":1,"108":1,"109":0,"110":0,"111":0,"112":0,"113":0,"114":0,"116":0,"118":0,"121":1,"123":1,"124":0,"125":0,"126":0,"128":0,"129":0,"132":1,"137":1,"138":0,"139":0,"140":0,"143":1,"144":0,"145":0,"146":0,"150":1,"151":0,"152":0,"153":0,"154":0,"161":1,"162":0,"163":0,"165":1,"166":0,"167":0,"169":1,"170":0,"171":0,"172":0,"174":0,"177":1,"178":0,"179":0,"180":0,"183":1,"184":0,"185":0,"186":0,"189":1,"190":0,"191":0,"192":0,"195":1,"196":0,"197":0,"198":0,"201":1,"202":0,"203":0,"204":0,"207":1,"208":0,"209":0,"210":0,"213":1,"214":0,"215":0,"217":1,"218":0,"219":0,"221":1,"222":0,"223":0,"225":1,"226":0,"227":0,"228":0,"236":1,"237":1,"238":0,"242":1,"243":0,"244":0,"248":1,"249":0,"252":1,"253":0,"256":1,"257":0,"261":1,"262":0,"265":0,"266":0,"267":0,"268":0,"270":0,"272":0}},"/home/travis/build/npmtest/node-npmtest-vows/node_modules/vows/lib/assert/utils.js":{"path":"/home/travis/build/npmtest/node-npmtest-vows/node_modules/vows/lib/assert/utils.js","s":{"1":1,"2":0,"3":0,"4":0,"5":0,"6":0,"7":0,"8":0,"9":0,"10":0,"11":0,"12":0,"13":0,"14":0,"15":0,"16":1,"17":0,"18":0,"19":1,"20":0,"21":1,"22":0,"23":1,"24":0,"25":0,"26":0,"27":0,"28":0,"29":0,"30":0,"31":0,"32":0,"33":0,"34":0,"35":0,"36":0,"37":0,"38":0,"39":0,"40":0,"41":0,"42":0,"43":0,"44":0,"45":0,"46":0,"47":0,"48":0},"b":{"1":[0,0],"2":[0,0],"3":[0,0],"4":[0,0],"5":[0,0],"6":[0,0],"7":[0,0],"8":[0,0],"9":[0,0],"10":[0,0],"11":[0,0],"12":[0,0],"13":[0,0],"14":[0,0],"15":[0,0],"16":[0,0],"17":[0,0],"18":[0,0],"19":[0,0]},"f":{"1":0,"2":0,"3":0,"4":0,"5":0},"fnMap":{"1":{"name":"(anonymous_1)","line":3,"loc":{"start":{"line":3,"column":20},"end":{"line":3,"column":48}}},"2":{"name":"(anonymous_2)","line":27,"loc":{"start":{"line":27,"column":23},"end":{"line":27,"column":60}}},"3":{"name":"isUndefinedOrNull","line":34,"loc":{"start":{"line":34,"column":0},"end":{"line":34,"column":34}}},"4":{"name":"isArguments","line":39,"loc":{"start":{"line":39,"column":0},"end":{"line":39,"column":29}}},"5":{"name":"objEquiv","line":44,"loc":{"start":{"line":44,"column":0},"end":{"line":44,"column":24}}}},"statementMap":{"1":{"start":{"line":3,"column":0},"end":{"line":24,"column":1}},"2":{"start":{"line":4,"column":2},"end":{"line":23,"column":3}},"3":{"start":{"line":5,"column":4},"end":{"line":5,"column":16}},"4":{"start":{"line":7,"column":9},"end":{"line":23,"column":3}},"5":{"start":{"line":8,"column":4},"end":{"line":8,"column":55}},"6":{"start":{"line":8,"column":42},"end":{"line":8,"column":55}},"7":{"start":{"line":10,"column":4},"end":{"line":12,"column":5}},"8":{"start":{"line":11,"column":6},"end":{"line":11,"column":50}},"9":{"start":{"line":11,"column":37},"end":{"line":11,"column":50}},"10":{"start":{"line":13,"column":4},"end":{"line":13,"column":16}},"11":{"start":{"line":15,"column":9},"end":{"line":23,"column":3}},"12":{"start":{"line":16,"column":4},"end":{"line":16,"column":51}},"13":{"start":{"line":18,"column":9},"end":{"line":23,"column":3}},"14":{"start":{"line":19,"column":4},"end":{"line":19,"column":30}},"15":{"start":{"line":22,"column":4},"end":{"line":22,"column":38}},"16":{"start":{"line":27,"column":0},"end":{"line":31,"column":1}},"17":{"start":{"line":28,"column":2},"end":{"line":30,"column":3}},"18":{"start":{"line":29,"column":4},"end":{"line":29,"column":73}},"19":{"start":{"line":34,"column":0},"end":{"line":36,"column":1}},"20":{"start":{"line":35,"column":2},"end":{"line":35,"column":47}},"21":{"start":{"line":39,"column":0},"end":{"line":41,"column":1}},"22":{"start":{"line":40,"column":2},"end":{"line":40,"column":72}},"23":{"start":{"line":44,"column":0},"end":{"line":76,"column":1}},"24":{"start":{"line":45,"column":2},"end":{"line":46,"column":17}},"25":{"start":{"line":46,"column":4},"end":{"line":46,"column":17}},"26":{"start":{"line":47,"column":2},"end":{"line":47,"column":48}},"27":{"start":{"line":47,"column":35},"end":{"line":47,"column":48}},"28":{"start":{"line":48,"column":2},"end":{"line":55,"column":3}},"29":{"start":{"line":49,"column":4},"end":{"line":51,"column":5}},"30":{"start":{"line":50,"column":6},"end":{"line":50,"column":19}},"31":{"start":{"line":52,"column":4},"end":{"line":52,"column":23}},"32":{"start":{"line":53,"column":4},"end":{"line":53,"column":23}},"33":{"start":{"line":54,"column":4},"end":{"line":54,"column":35}},"34":{"start":{"line":56,"column":2},"end":{"line":62,"column":3}},"35":{"start":{"line":57,"column":4},"end":{"line":59,"column":15}},"36":{"start":{"line":61,"column":4},"end":{"line":61,"column":17}},"37":{"start":{"line":63,"column":2},"end":{"line":64,"column":17}},"38":{"start":{"line":64,"column":4},"end":{"line":64,"column":17}},"39":{"start":{"line":65,"column":2},"end":{"line":65,"column":12}},"40":{"start":{"line":66,"column":2},"end":{"line":66,"column":12}},"41":{"start":{"line":67,"column":2},"end":{"line":70,"column":3}},"42":{"start":{"line":68,"column":4},"end":{"line":69,"column":19}},"43":{"start":{"line":69,"column":6},"end":{"line":69,"column":19}},"44":{"start":{"line":71,"column":2},"end":{"line":74,"column":3}},"45":{"start":{"line":72,"column":4},"end":{"line":72,"column":16}},"46":{"start":{"line":73,"column":4},"end":{"line":73,"column":57}},"47":{"start":{"line":73,"column":44},"end":{"line":73,"column":57}},"48":{"start":{"line":75,"column":2},"end":{"line":75,"column":14}}},"branchMap":{"1":{"line":4,"type":"if","locations":[{"start":{"line":4,"column":2},"end":{"line":4,"column":2}},{"start":{"line":4,"column":2},"end":{"line":4,"column":2}}]},"2":{"line":7,"type":"if","locations":[{"start":{"line":7,"column":9},"end":{"line":7,"column":9}},{"start":{"line":7,"column":9},"end":{"line":7,"column":9}}]},"3":{"line":7,"type":"binary-expr","locations":[{"start":{"line":7,"column":13},"end":{"line":7,"column":36}},{"start":{"line":7,"column":40},"end":{"line":7,"column":65}}]},"4":{"line":8,"type":"if","locations":[{"start":{"line":8,"column":4},"end":{"line":8,"column":4}},{"start":{"line":8,"column":4},"end":{"line":8,"column":4}}]},"5":{"line":11,"type":"if","locations":[{"start":{"line":11,"column":6},"end":{"line":11,"column":6}},{"start":{"line":11,"column":6},"end":{"line":11,"column":6}}]},"6":{"line":15,"type":"if","locations":[{"start":{"line":15,"column":9},"end":{"line":15,"column":9}},{"start":{"line":15,"column":9},"end":{"line":15,"column":9}}]},"7":{"line":15,"type":"binary-expr","locations":[{"start":{"line":15,"column":13},"end":{"line":15,"column":35}},{"start":{"line":15,"column":39},"end":{"line":15,"column":63}}]},"8":{"line":18,"type":"if","locations":[{"start":{"line":18,"column":9},"end":{"line":18,"column":9}},{"start":{"line":18,"column":9},"end":{"line":18,"column":9}}]},"9":{"line":18,"type":"binary-expr","locations":[{"start":{"line":18,"column":13},"end":{"line":18,"column":38}},{"start":{"line":18,"column":42},"end":{"line":18,"column":69}}]},"10":{"line":28,"type":"if","locations":[{"start":{"line":28,"column":2},"end":{"line":28,"column":2}},{"start":{"line":28,"column":2},"end":{"line":28,"column":2}}]},"11":{"line":35,"type":"binary-expr","locations":[{"start":{"line":35,"column":9},"end":{"line":35,"column":23}},{"start":{"line":35,"column":27},"end":{"line":35,"column":46}}]},"12":{"line":45,"type":"if","locations":[{"start":{"line":45,"column":2},"end":{"line":45,"column":2}},{"start":{"line":45,"column":2},"end":{"line":45,"column":2}}]},"13":{"line":45,"type":"binary-expr","locations":[{"start":{"line":45,"column":6},"end":{"line":45,"column":26}},{"start":{"line":45,"column":30},"end":{"line":45,"column":50}}]},"14":{"line":47,"type":"if","locations":[{"start":{"line":47,"column":2},"end":{"line":47,"column":2}},{"start":{"line":47,"column":2},"end":{"line":47,"column":2}}]},"15":{"line":48,"type":"if","locations":[{"start":{"line":48,"column":2},"end":{"line":48,"column":2}},{"start":{"line":48,"column":2},"end":{"line":48,"column":2}}]},"16":{"line":49,"type":"if","locations":[{"start":{"line":49,"column":4},"end":{"line":49,"column":4}},{"start":{"line":49,"column":4},"end":{"line":49,"column":4}}]},"17":{"line":63,"type":"if","locations":[{"start":{"line":63,"column":2},"end":{"line":63,"column":2}},{"start":{"line":63,"column":2},"end":{"line":63,"column":2}}]},"18":{"line":68,"type":"if","locations":[{"start":{"line":68,"column":4},"end":{"line":68,"column":4}},{"start":{"line":68,"column":4},"end":{"line":68,"column":4}}]},"19":{"line":73,"type":"if","locations":[{"start":{"line":73,"column":4},"end":{"line":73,"column":4}},{"start":{"line":73,"column":4},"end":{"line":73,"column":4}}]}},"code":["","// Taken from node/lib/assert.js","exports.deepEqual = function (actual, expected) {","  if (actual === expected) {","    return true;","","  } else if (Buffer.isBuffer(actual) && Buffer.isBuffer(expected)) {","    if (actual.length != expected.length) return false;","","    for (var i = 0; i < actual.length; i++) {","      if (actual[i] !== expected[i]) return false;","    }","    return true;","","  } else if (actual instanceof Date && expected instanceof Date) {","    return actual.getTime() === expected.getTime();","","  } else if (typeof actual != 'object' && typeof expected != 'object') {","    return actual == expected;","","  } else {","    return objEquiv(actual, expected);","  }","}","","// Taken from node/lib/assert.js","exports.notDeepEqual = function (actual, expected, message) {","  if (exports.deepEqual(actual, expected)) {","    fail(actual, expected, message, 'notDeepEqual', assert.notDeepEqual);","  }","}","","// Taken from node/lib/assert.js","function isUndefinedOrNull(value) {","  return value === null || value === undefined;","}","","// Taken from node/lib/assert.js","function isArguments(object) {","  return Object.prototype.toString.call(object) == '[object Arguments]';","}","","// Taken from node/lib/assert.js","function objEquiv(a, b) {","  if (isUndefinedOrNull(a) || isUndefinedOrNull(b))","    return false;","  if (a.prototype !== b.prototype) return false;","  if (isArguments(a)) {","    if (!isArguments(b)) {","      return false;","    }","    a = pSlice.call(a);","    b = pSlice.call(b);","    return exports.deepEqual(a, b);","  }","  try {","    var ka = Object.keys(a),","        kb = Object.keys(b),","        key, i;","  } catch (e) {","    return false;","  }","  if (ka.length != kb.length)","    return false;","  ka.sort();","  kb.sort();","  for (i = ka.length - 1; i >= 0; i--) {","    if (ka[i] != kb[i])","      return false;","  }","  for (i = ka.length - 1; i >= 0; i--) {","    key = ka[i];","    if (!exports.deepEqual(a[key], b[key])) return false;","  }","  return true;","}","",""],"l":{"3":1,"4":0,"5":0,"7":0,"8":0,"10":0,"11":0,"13":0,"15":0,"16":0,"18":0,"19":0,"22":0,"27":1,"28":0,"29":0,"34":1,"35":0,"39":1,"40":0,"44":1,"45":0,"46":0,"47":0,"48":0,"49":0,"50":0,"52":0,"53":0,"54":0,"56":0,"57":0,"61":0,"63":0,"64":0,"65":0,"66":0,"67":0,"68":0,"69":0,"71":0,"72":0,"73":0,"75":0}}}